This is pdfTeX, Version 3.14159265-2.6-1.40.20 (MiKTeX 2.9.7000 64-bit) (preloaded format=pdflatex 2019.4.24)  3 MAY 2019 14:30
entering extended mode
**./pfe.tex
(pfe.tex
LaTeX2e <2018-12-01>
("C:\Users\slim\AppData\Local\Programs\MiKTeX 2.9\tex/latex/base\report.cls"
Document Class: report 2018/09/03 v1.4i Standard LaTeX document class
("C:\Users\slim\AppData\Local\Programs\MiKTeX 2.9\tex/latex/base\size12.clo"
File: size12.clo 2018/09/03 v1.4i Standard LaTeX file (size option)
)
\c@part=\count80
\c@chapter=\count81
\c@section=\count82
\c@subsection=\count83
\c@subsubsection=\count84
\c@paragraph=\count85
\c@subparagraph=\count86
\c@figure=\count87
\c@table=\count88
\abovecaptionskip=\skip41
\belowcaptionskip=\skip42
\bibindent=\dimen102
)
("C:\Users\slim\AppData\Local\Programs\MiKTeX 2.9\tex/latex/base\inputenc.sty"
Package: inputenc 2018/08/11 v1.3c Input encoding file
\inpenc@prehook=\toks14
\inpenc@posthook=\toks15
) ("C:\Users\slim\AppData\Local\Programs\MiKTeX 2.9\tex/generic/babel\babel.sty
"
Package: babel 2019/04/03 3.29 The Babel package
("C:\Users\slim\AppData\Local\Programs\MiKTeX 2.9\tex/generic/babel\switch.def"
File: switch.def 2019/04/03 3.29 Babel switching mechanism
)
*************************************
* Local config file bblopts.cfg used
*
("C:\Users\slim\AppData\Local\Programs\MiKTeX 2.9\tex/latex/arabi\bblopts.cfg"
File: bblopts.cfg 2005/09/08 v0.1 add Arabic and Farsi to "declared" options of
 babel
)
("C:\Users\slim\AppData\Local\Programs\MiKTeX 2.9\tex/generic/babel-french\fren
ch.ldf"
Language: french 2019/03/30 v3.5e French support from the babel system

("C:\Users\slim\AppData\Local\Programs\MiKTeX 2.9\tex/generic/babel\babel.def"
File: babel.def 2019/04/03 3.29 Babel common definitions
\babel@savecnt=\count89
\U@D=\dimen103

("C:\Users\slim\AppData\Local\Programs\MiKTeX 2.9\tex/generic/babel\txtbabel.de
f")
\bbl@dirlevel=\count90
)
\l@acadian = a dialect from \language\l@french 
\FB@nonchar=\count91
Package babel Info: Making : an active character on input line 414.
Package babel Info: Making ; an active character on input line 415.
Package babel Info: Making ! an active character on input line 416.
Package babel Info: Making ? an active character on input line 417.
\FBguill@level=\count92
\FBold@everypar=\toks16
\FB@Mht=\dimen104
\mc@charclass=\count93
\mc@charfam=\count94
\mc@charslot=\count95
\std@mcc=\count96
\dec@mcc=\count97
\c@FBcaption@count=\count98
\listindentFB=\dimen105
\descindentFB=\dimen106
\labelindentFB=\dimen107
\labelwidthFB=\dimen108
\leftmarginFB=\dimen109
\parindentFFN=\dimen110
\FBfnindent=\dimen111
))
("C:\Users\slim\AppData\Local\Programs\MiKTeX 2.9\tex/latex/carlisle\scalefnt.s
ty")
("C:\Users\slim\AppData\Local\Programs\MiKTeX 2.9\tex/latex/graphics\keyval.sty
"
Package: keyval 2014/10/28 v1.15 key=value parser (DPC)
\KV@toks@=\toks17
) ("C:\Users\slim\AppData\Local\Programs\MiKTeX 2.9\tex/latex/base\fontenc.sty"
Package: fontenc 2018/08/11 v2.0j Standard LaTeX package
 ("C:\Users\slim\AppData\Local\Programs\MiKTeX 2.9\tex/latex/base\t1enc.def"
File: t1enc.def 2018/08/11 v2.0j Standard LaTeX file
LaTeX Font Info:    Redeclaring font encoding T1 on input line 48.
))
("C:\Users\slim\AppData\Local\Programs\MiKTeX 2.9\tex/latex/graphics\graphicx.s
ty"
Package: graphicx 2017/06/01 v1.1a Enhanced LaTeX Graphics (DPC,SPQR)

("C:\Users\slim\AppData\Local\Programs\MiKTeX 2.9\tex/latex/graphics\graphics.s
ty"
Package: graphics 2017/06/25 v1.2c Standard LaTeX Graphics (DPC,SPQR)

("C:\Users\slim\AppData\Local\Programs\MiKTeX 2.9\tex/latex/graphics\trig.sty"
Package: trig 2016/01/03 v1.10 sin cos tan (DPC)
)
("C:\Users\slim\AppData\Local\Programs\MiKTeX 2.9\tex/latex/graphics-cfg\graphi
cs.cfg"
File: graphics.cfg 2016/06/04 v1.11 sample graphics configuration
)
Package graphics Info: Driver file: pdftex.def on input line 99.

("C:\Users\slim\AppData\Local\Programs\MiKTeX 2.9\tex/latex/graphics-def\pdftex
.def"
File: pdftex.def 2018/01/08 v1.0l Graphics/color driver for pdftex
))
\Gin@req@height=\dimen112
\Gin@req@width=\dimen113
)
("C:\Users\slim\AppData\Local\Programs\MiKTeX 2.9\tex/latex/fancyhdr\fancyhdr.s
ty"
Package: fancyhdr 2019/01/31 v3.10 Extensive control of page headers and footer
s
\f@nch@headwidth=\skip43
\f@nch@O@elh=\skip44
\f@nch@O@erh=\skip45
\f@nch@O@olh=\skip46
\f@nch@O@orh=\skip47
\f@nch@O@elf=\skip48
\f@nch@O@erf=\skip49
\f@nch@O@olf=\skip50
\f@nch@O@orf=\skip51
)
("C:\Users\slim\AppData\Local\Programs\MiKTeX 2.9\tex/latex/geometry\geometry.s
ty"
Package: geometry 2018/04/16 v5.8 Page Geometry

("C:\Users\slim\AppData\Local\Programs\MiKTeX 2.9\tex/generic/oberdiek\ifpdf.st
y"
Package: ifpdf 2018/09/07 v3.3 Provides the ifpdf switch
)
("C:\Users\slim\AppData\Local\Programs\MiKTeX 2.9\tex/generic/oberdiek\ifvtex.s
ty"
Package: ifvtex 2016/05/16 v1.6 Detect VTeX and its facilities (HO)
Package ifvtex Info: VTeX not detected.
)
("C:\Users\slim\AppData\Local\Programs\MiKTeX 2.9\tex/generic/ifxetex\ifxetex.s
ty"
Package: ifxetex 2010/09/12 v0.6 Provides ifxetex conditional
)
\Gm@cnth=\count99
\Gm@cntv=\count100
\c@Gm@tempcnt=\count101
\Gm@bindingoffset=\dimen114
\Gm@wd@mp=\dimen115
\Gm@odd@mp=\dimen116
\Gm@even@mp=\dimen117
\Gm@layoutwidth=\dimen118
\Gm@layoutheight=\dimen119
\Gm@layouthoffset=\dimen120
\Gm@layoutvoffset=\dimen121
\Gm@dimlist=\toks18

("C:\Users\slim\AppData\Local\Programs\MiKTeX 2.9\tex/latex/geometry\geometry.c
fg"))
("C:\Users\slim\AppData\Local\Programs\MiKTeX 2.9\tex/latex/fncychap\fncychap.s
ty"
Package: fncychap 2007/07/30 v1.34 LaTeX package (Revised chapters)
\RW=\skip52
\mylen=\skip53
\myhi=\skip54
\px=\skip55
\py=\skip56
\pyy=\skip57
\pxx=\skip58
\backskip=\skip59
)
("C:\Users\slim\AppData\Local\Programs\MiKTeX 2.9\tex/latex/setspace\setspace.s
ty"
Package: setspace 2011/12/19 v6.7a set line spacing
) ("C:\Users\slim\AppData\Local\Programs\MiKTeX 2.9\tex/latex/lm\lmodern.sty"
Package: lmodern 2009/10/30 v1.6 Latin Modern Fonts
LaTeX Font Info:    Overwriting symbol font `operators' in version `normal'
(Font)                  OT1/cmr/m/n --> OT1/lmr/m/n on input line 22.
LaTeX Font Info:    Overwriting symbol font `letters' in version `normal'
(Font)                  OML/cmm/m/it --> OML/lmm/m/it on input line 23.
LaTeX Font Info:    Overwriting symbol font `symbols' in version `normal'
(Font)                  OMS/cmsy/m/n --> OMS/lmsy/m/n on input line 24.
LaTeX Font Info:    Overwriting symbol font `largesymbols' in version `normal'
(Font)                  OMX/cmex/m/n --> OMX/lmex/m/n on input line 25.
LaTeX Font Info:    Overwriting symbol font `operators' in version `bold'
(Font)                  OT1/cmr/bx/n --> OT1/lmr/bx/n on input line 26.
LaTeX Font Info:    Overwriting symbol font `letters' in version `bold'
(Font)                  OML/cmm/b/it --> OML/lmm/b/it on input line 27.
LaTeX Font Info:    Overwriting symbol font `symbols' in version `bold'
(Font)                  OMS/cmsy/b/n --> OMS/lmsy/b/n on input line 28.
LaTeX Font Info:    Overwriting symbol font `largesymbols' in version `bold'
(Font)                  OMX/cmex/m/n --> OMX/lmex/m/n on input line 29.
LaTeX Font Info:    Overwriting math alphabet `\mathbf' in version `normal'
(Font)                  OT1/cmr/bx/n --> OT1/lmr/bx/n on input line 31.
LaTeX Font Info:    Overwriting math alphabet `\mathsf' in version `normal'
(Font)                  OT1/cmss/m/n --> OT1/lmss/m/n on input line 32.
LaTeX Font Info:    Overwriting math alphabet `\mathit' in version `normal'
(Font)                  OT1/cmr/m/it --> OT1/lmr/m/it on input line 33.
LaTeX Font Info:    Overwriting math alphabet `\mathtt' in version `normal'
(Font)                  OT1/cmtt/m/n --> OT1/lmtt/m/n on input line 34.
LaTeX Font Info:    Overwriting math alphabet `\mathbf' in version `bold'
(Font)                  OT1/cmr/bx/n --> OT1/lmr/bx/n on input line 35.
LaTeX Font Info:    Overwriting math alphabet `\mathsf' in version `bold'
(Font)                  OT1/cmss/bx/n --> OT1/lmss/bx/n on input line 36.
LaTeX Font Info:    Overwriting math alphabet `\mathit' in version `bold'
(Font)                  OT1/cmr/bx/it --> OT1/lmr/bx/it on input line 37.
LaTeX Font Info:    Overwriting math alphabet `\mathtt' in version `bold'
(Font)                  OT1/cmtt/m/n --> OT1/lmtt/m/n on input line 38.
) ("C:\Users\slim\AppData\Local\Programs\MiKTeX 2.9\tex/latex/psnfss\pifont.sty
"
Package: pifont 2005/04/12 PSNFSS-v9.2a Pi font support (SPQR) 
LaTeX Font Info:    Try loading font information for U+pzd on input line 63.
 ("C:\Users\slim\AppData\Local\Programs\MiKTeX 2.9\tex/latex/psnfss\upzd.fd"
File: upzd.fd 2001/06/04 font definitions for U/pzd.
)
LaTeX Font Info:    Try loading font information for U+psy on input line 64.
("C:\Users\slim\AppData\Local\Programs\MiKTeX 2.9\tex/latex/psnfss\upsy.fd"
File: upsy.fd 2001/06/04 font definitions for U/psy.
))
("C:\Users\slim\AppData\Local\Programs\MiKTeX 2.9\tex/latex/enumitem\enumitem.s
ty"
Package: enumitem 2019/02/04 v3.8 Customized lists
\labelindent=\skip60
\enit@outerparindent=\dimen122
\enit@toks=\toks19
\enit@inbox=\box27
\enit@count@id=\count102
\enitdp@description=\count103
)
("C:\Users\slim\AppData\Local\Programs\MiKTeX 2.9\tex/latex/tools\tabularx.sty"
Package: tabularx 2016/02/03 v2.11b `tabularx' package (DPC)
("C:\Users\slim\AppData\Local\Programs\MiKTeX 2.9\tex/latex/tools\array.sty"
Package: array 2018/12/30 v2.4k Tabular extension package (FMi)
\col@sep=\dimen123
\ar@mcellbox=\box28
\extrarowheight=\dimen124
\NC@list=\toks20
\extratabsurround=\skip61
\backup@length=\skip62
\ar@cellbox=\box29
)
\TX@col@width=\dimen125
\TX@old@table=\dimen126
\TX@old@col=\dimen127
\TX@target=\dimen128
\TX@delta=\dimen129
\TX@cols=\count104
\TX@ftn=\toks21
)
("C:\Users\slim\AppData\Local\Programs\MiKTeX 2.9\tex/latex/multirow\multirow.s
ty"
Package: multirow 2019/01/01 v2.4 Span multiple rows of a table
\multirow@colwidth=\skip63
\multirow@cntb=\count105
\multirow@dima=\skip64
\bigstrutjot=\dimen130
)
("C:\Users\slim\AppData\Local\Programs\MiKTeX 2.9\tex/latex/colortbl\colortbl.s
ty"
Package: colortbl 2018/12/12 v1.0d Color table columns (DPC)

("C:\Users\slim\AppData\Local\Programs\MiKTeX 2.9\tex/latex/graphics\color.sty"
Package: color 2016/07/10 v1.1e Standard LaTeX Color (DPC)

("C:\Users\slim\AppData\Local\Programs\MiKTeX 2.9\tex/latex/graphics-cfg\color.
cfg"
File: color.cfg 2016/01/02 v1.6 sample color configuration
)
Package color Info: Driver file: pdftex.def on input line 147.
)
\everycr=\toks22
\minrowclearance=\skip65
)
("C:\Users\slim\AppData\Local\Programs\MiKTeX 2.9\tex/latex/amsmath\amsmath.sty
"
Package: amsmath 2018/12/01 v2.17b AMS math features
\@mathmargin=\skip66

For additional information on amsmath, use the `?' option.
("C:\Users\slim\AppData\Local\Programs\MiKTeX 2.9\tex/latex/amsmath\amstext.sty
"
Package: amstext 2000/06/29 v2.01 AMS text
 ("C:\Users\slim\AppData\Local\Programs\MiKTeX 2.9\tex/latex/amsmath\amsgen.sty
"
File: amsgen.sty 1999/11/30 v2.0 generic functions
\@emptytoks=\toks23
\ex@=\dimen131
))
("C:\Users\slim\AppData\Local\Programs\MiKTeX 2.9\tex/latex/amsmath\amsbsy.sty"
Package: amsbsy 1999/11/29 v1.2d Bold Symbols
\pmbraise@=\dimen132
) ("C:\Users\slim\AppData\Local\Programs\MiKTeX 2.9\tex/latex/amsmath\amsopn.st
y"
Package: amsopn 2016/03/08 v2.02 operator names
)
\inf@bad=\count106
LaTeX Info: Redefining \frac on input line 223.
\uproot@=\count107
\leftroot@=\count108
LaTeX Info: Redefining \overline on input line 385.
\classnum@=\count109
\DOTSCASE@=\count110
LaTeX Info: Redefining \ldots on input line 482.
LaTeX Info: Redefining \dots on input line 485.
LaTeX Info: Redefining \cdots on input line 606.
\Mathstrutbox@=\box30
\strutbox@=\box31
\big@size=\dimen133
LaTeX Font Info:    Redeclaring font encoding OML on input line 729.
LaTeX Font Info:    Redeclaring font encoding OMS on input line 730.
\macc@depth=\count111
\c@MaxMatrixCols=\count112
\dotsspace@=\muskip10
\c@parentequation=\count113
\dspbrk@lvl=\count114
\tag@help=\toks24
\row@=\count115
\column@=\count116
\maxfields@=\count117
\andhelp@=\toks25
\eqnshift@=\dimen134
\alignsep@=\dimen135
\tagshift@=\dimen136
\tagwidth@=\dimen137
\totwidth@=\dimen138
\lineht@=\dimen139
\@envbody=\toks26
\multlinegap=\skip67
\multlinetaggap=\skip68
\mathdisplay@stack=\toks27
LaTeX Info: Redefining \[ on input line 2844.
LaTeX Info: Redefining \] on input line 2845.
)
("C:\Users\slim\AppData\Local\Programs\MiKTeX 2.9\tex/latex/amsfonts\amsfonts.s
ty"
Package: amsfonts 2013/01/14 v3.01 Basic AMSFonts support
\symAMSa=\mathgroup4
\symAMSb=\mathgroup5
LaTeX Font Info:    Overwriting math alphabet `\mathfrak' in version `bold'
(Font)                  U/euf/m/n --> U/euf/b/n on input line 106.
)
("C:\Users\slim\AppData\Local\Programs\MiKTeX 2.9\tex/latex/amsfonts\amssymb.st
y"
Package: amssymb 2013/01/14 v3.01 AMS font symbols
)
("C:\Users\slim\AppData\Local\Programs\MiKTeX 2.9\tex/latex/marvosym\marvosym.s
ty"
Package: marvosym 2011/07/20 v2.2 Martin Vogel's Symbols font definitions
)
("C:\Users\slim\AppData\Local\Programs\MiKTeX 2.9\tex/latex/xcolor\xcolor.sty"
Package: xcolor 2016/05/11 v2.12 LaTeX color extensions (UK)

("C:\Users\slim\AppData\Local\Programs\MiKTeX 2.9\tex/latex/graphics-cfg\color.
cfg"
File: color.cfg 2016/01/02 v1.6 sample color configuration
)
Package xcolor Info: Driver file: pdftex.def on input line 225.
LaTeX Info: Redefining \color on input line 709.
\rownum=\count118
Package xcolor Info: Model `cmy' substituted by `cmy0' on input line 1348.
Package xcolor Info: Model `hsb' substituted by `rgb' on input line 1352.
Package xcolor Info: Model `RGB' extended on input line 1364.
Package xcolor Info: Model `HTML' substituted by `rgb' on input line 1366.
Package xcolor Info: Model `Hsb' substituted by `hsb' on input line 1367.
Package xcolor Info: Model `tHsb' substituted by `hsb' on input line 1368.
Package xcolor Info: Model `HSB' substituted by `hsb' on input line 1369.
Package xcolor Info: Model `Gray' substituted by `gray' on input line 1370.
Package xcolor Info: Model `wave' substituted by `hsb' on input line 1371.

("C:\Users\slim\AppData\Local\Programs\MiKTeX 2.9\tex/latex/graphics\dvipsnam.d
ef"
File: dvipsnam.def 2016/06/17 v3.0m Driver-dependent file (DPC,SPQR)
)
("C:\Users\slim\AppData\Local\Programs\MiKTeX 2.9\tex/latex/xcolor\svgnam.def"
File: svgnam.def 2016/05/11 v2.12 Predefined colors according to SVG 1.1 (UK)
) ("C:\Users\slim\AppData\Local\Programs\MiKTeX 2.9\tex/latex/xcolor\x11nam.def
"
File: x11nam.def 2016/05/11 v2.12 Predefined colors according to Unix/X11 (UK)
)) ("C:\Users\slim\AppData\Local\Programs\MiKTeX 2.9\tex/latex/ms\ragged2e.sty"
Package: ragged2e 2009/05/21 v2.1 ragged2e Package (MS)
("C:\Users\slim\AppData\Local\Programs\MiKTeX 2.9\tex/latex/ms\everysel.sty"
Package: everysel 2011/10/28 v1.2 EverySelectfont Package (MS)
)
\CenteringLeftskip=\skip69
\RaggedLeftLeftskip=\skip70
\RaggedRightLeftskip=\skip71
\CenteringRightskip=\skip72
\RaggedLeftRightskip=\skip73
\RaggedRightRightskip=\skip74
\CenteringParfillskip=\skip75
\RaggedLeftParfillskip=\skip76
\RaggedRightParfillskip=\skip77
\JustifyingParfillskip=\skip78
\CenteringParindent=\skip79
\RaggedLeftParindent=\skip80
\RaggedRightParindent=\skip81
\JustifyingParindent=\skip82
)
("C:\Users\slim\AppData\Local\Programs\MiKTeX 2.9\tex/latex/tocbibind\tocbibind
.sty"
Package: tocbibind 2010/10/13 v1.5k extra ToC listings
Package tocbibind Info: The document has chapter divisions on input line 50.


Package tocbibind Note: Using chapter style headings, unless overridden.

)
\enitdp@nitemize=\count119
\enitdp@vitemize=\count120
\enitdp@bitemize=\count121
\enitdp@anitemize=\count122
\enitdp@gitemize=\count123
\enitdp@fitemize=\count124
\enitdp@hitemize=\count125
\enitdp@jitemize=\count126
\enitdp@kitemize=\count127
\enitdp@litemize=\count128
\enitdp@mitemize=\count129
\enitdp@witemize=\count130
\enitdp@xitemize=\count131
\enitdp@citemize=\count132
 (pfe.aux

LaTeX Warning: Label `table-nom' multiply defined.


LaTeX Warning: Label `table-nom' multiply defined.


LaTeX Warning: Label `table-nom' multiply defined.


LaTeX Warning: Label `table-nom' multiply defined.


LaTeX Warning: Label `table-nom' multiply defined.


LaTeX Warning: Label `table-nom' multiply defined.


LaTeX Warning: Label `table-nom' multiply defined.


LaTeX Warning: Label `table-nom' multiply defined.


LaTeX Warning: Label `table-nom' multiply defined.


LaTeX Warning: Label `table-nom' multiply defined.


LaTeX Warning: Label `table-nom' multiply defined.


LaTeX Warning: Label `table-nom' multiply defined.


LaTeX Warning: Label `table-nom' multiply defined.


LaTeX Warning: Label `table-nom' multiply defined.


LaTeX Warning: Label `table-nom' multiply defined.


LaTeX Warning: Label `table-nom' multiply defined.


LaTeX Warning: Label `table-nom' multiply defined.


LaTeX Warning: Label `table-nom' multiply defined.


LaTeX Warning: Label `table-nom' multiply defined.


LaTeX Warning: Label `table-nom' multiply defined.


LaTeX Warning: Label `table-nom' multiply defined.


LaTeX Warning: Label `table-nom' multiply defined.


LaTeX Warning: Label `table-nom' multiply defined.


LaTeX Warning: Label `table-nom' multiply defined.


LaTeX Warning: Label `table-nom' multiply defined.


LaTeX Warning: Label `table-nom' multiply defined.


LaTeX Warning: Label `table-nom' multiply defined.


LaTeX Warning: Label `table-nom' multiply defined.

)
\openout1 = `pfe.aux'.

LaTeX Font Info:    Checking defaults for OML/cmm/m/it on input line 111.
LaTeX Font Info:    ... okay on input line 111.
LaTeX Font Info:    Checking defaults for T1/cmr/m/n on input line 111.
LaTeX Font Info:    ... okay on input line 111.
LaTeX Font Info:    Checking defaults for OT1/cmr/m/n on input line 111.
LaTeX Font Info:    ... okay on input line 111.
LaTeX Font Info:    Checking defaults for OMS/cmsy/m/n on input line 111.
LaTeX Font Info:    ... okay on input line 111.
LaTeX Font Info:    Checking defaults for OMX/cmex/m/n on input line 111.
LaTeX Font Info:    ... okay on input line 111.
LaTeX Font Info:    Checking defaults for U/cmr/m/n on input line 111.
LaTeX Font Info:    ... okay on input line 111.
LaTeX Font Info:    Try loading font information for T1+lmr on input line 111.
 ("C:\Users\slim\AppData\Local\Programs\MiKTeX 2.9\tex/latex/lm\t1lmr.fd"
File: t1lmr.fd 2009/10/30 v1.6 Font defs for Latin Modern
)
LaTeX Info: Redefining \degres on input line 111.
LaTeX Info: Redefining \dots on input line 111.
Package french.ldf Info: Setting StandardItemizeEnv=true for
(french.ldf)             compatibility with enumitem package,
(french.ldf)             reported on input line 111.
Package french.ldf Info: Setting StandardEnumerateEnv=true for
(french.ldf)             compatibility with enumitem package,
(french.ldf)             reported on input line 111.
LaTeX Info: Redefining \up on input line 111.

("C:\Users\slim\AppData\Local\Programs\MiKTeX 2.9\tex/context/base/mkii\supp-pd
f.mkii"
[Loading MPS to PDF converter (version 2006.09.02).]
\scratchcounter=\count133
\scratchdimen=\dimen140
\scratchbox=\box32
\nofMPsegments=\count134
\nofMParguments=\count135
\everyMPshowfont=\toks28
\MPscratchCnt=\count136
\MPscratchDim=\dimen141
\MPnumerator=\count137
\makeMPintoPDFobject=\count138
\everyMPtoPDFconversion=\toks29
)
("C:\Users\slim\AppData\Local\Programs\MiKTeX 2.9\tex/latex/oberdiek\epstopdf-b
ase.sty"
Package: epstopdf-base 2016/05/15 v2.6 Base part for package epstopdf

("C:\Users\slim\AppData\Local\Programs\MiKTeX 2.9\tex/generic/oberdiek\infwarer
r.sty"
Package: infwarerr 2016/05/16 v1.4 Providing info/warning/error messages (HO)
)
("C:\Users\slim\AppData\Local\Programs\MiKTeX 2.9\tex/latex/oberdiek\grfext.sty
"
Package: grfext 2016/05/16 v1.2 Manage graphics extensions (HO)

("C:\Users\slim\AppData\Local\Programs\MiKTeX 2.9\tex/generic/oberdiek\kvdefine
keys.sty"
Package: kvdefinekeys 2016/05/16 v1.4 Define keys (HO)

("C:\Users\slim\AppData\Local\Programs\MiKTeX 2.9\tex/generic/oberdiek\ltxcmds.
sty"
Package: ltxcmds 2016/05/16 v1.23 LaTeX kernel commands for general use (HO)
)))
("C:\Users\slim\AppData\Local\Programs\MiKTeX 2.9\tex/latex/oberdiek\kvoptions.
sty"
Package: kvoptions 2016/05/16 v3.12 Key value format for package options (HO)

("C:\Users\slim\AppData\Local\Programs\MiKTeX 2.9\tex/generic/oberdiek\kvsetkey
s.sty"
Package: kvsetkeys 2016/05/16 v1.17 Key value parser (HO)

("C:\Users\slim\AppData\Local\Programs\MiKTeX 2.9\tex/generic/oberdiek\etexcmds
.sty"
Package: etexcmds 2016/05/16 v1.6 Avoid name clashes with e-TeX commands (HO)

("C:\Users\slim\AppData\Local\Programs\MiKTeX 2.9\tex/generic/oberdiek\ifluatex
.sty"
Package: ifluatex 2016/05/16 v1.4 Provides the ifluatex switch (HO)
Package ifluatex Info: LuaTeX not detected.
))))
("C:\Users\slim\AppData\Local\Programs\MiKTeX 2.9\tex/generic/oberdiek\pdftexcm
ds.sty"
Package: pdftexcmds 2018/09/10 v0.29 Utility functions of pdfTeX for LuaTeX (HO
)
Package pdftexcmds Info: LuaTeX not detected.
Package pdftexcmds Info: \pdf@primitive is available.
Package pdftexcmds Info: \pdf@ifprimitive is available.
Package pdftexcmds Info: \pdfdraftmode found.
)
Package epstopdf-base Info: Redefining graphics rule for `.eps' on input line 4
38.
Package grfext Info: Graphics extension search list:
(grfext)             [.pdf,.png,.jpg,.mps,.jpeg,.jbig2,.jb2,.PDF,.PNG,.JPG,.JPE
G,.JBIG2,.JB2,.eps]
(grfext)             \AppendGraphicsExtensions on input line 456.
)
*geometry* driver: auto-detecting
*geometry* detected driver: pdftex
*geometry* verbose mode - [ preamble ] result:
* driver: pdftex
* paper: a4paper
* layout: <same size as paper>
* layoutoffset:(h,v)=(0.0pt,0.0pt)
* modes: 
* h-part:(L,W,R)=(71.13188pt, 469.47049pt, 56.9055pt)
* v-part:(T,H,B)=(71.13188pt, 702.78308pt, 71.13188pt)
* \paperwidth=597.50787pt
* \paperheight=845.04684pt
* \textwidth=469.47049pt
* \textheight=702.78308pt
* \oddsidemargin=-1.1381pt
* \evensidemargin=-1.1381pt
* \topmargin=-38.1381pt
* \headheight=12.0pt
* \headsep=25.0pt
* \topskip=12.0pt
* \footskip=30.0pt
* \marginparwidth=44.0pt
* \marginparsep=10.0pt
* \columnsep=10.0pt
* \skip\footins=10.8pt plus 4.0pt minus 2.0pt
* \hoffset=0.0pt
* \voffset=0.0pt
* \mag=1000
* \@twocolumnfalse
* \@twosidefalse
* \@mparswitchfalse
* \@reversemarginfalse
* (1in=72.27pt=25.4mm, 1cm=28.453pt)

ABD: EverySelectfont initializing macros
LaTeX Info: Redefining \selectfont on input line 111.
<pdg.png, id=1, 460.72125pt x 758.08218pt>
File: pdg.png Graphic file (type png)
<use pdg.png>
Package pdftex.def Info: pdg.png  used on input line 112.
(pdftex.def)             Requested size: 455.24373pt x 625.96918pt.
 [1

 <./pdg.png>]
LaTeX Font Info:    Try loading font information for T1+lmtt on input line 119.


("C:\Users\slim\AppData\Local\Programs\MiKTeX 2.9\tex/latex/lm\t1lmtt.fd"
File: t1lmtt.fd 2009/10/30 v1.6 Font defs for Latin Modern
)
LaTeX Font Info:    Font shape `T1/lmtt/bx/n' in size <24.88> not available
(Font)              Font shape `T1/lmtt/b/n' tried instead on input line 119.

Underfull \hbox (badness 10000) in paragraph at lines 123--126

 []


Underfull \hbox (badness 10000) in paragraph at lines 123--126

 []

LaTeX Font Info:    Try loading font information for T1+pzc on input line 127.
("C:\Users\slim\AppData\Local\Programs\MiKTeX 2.9\tex/latex/psnfss\t1pzc.fd"
File: t1pzc.fd 2001/06/04 font definitions for T1/pzc.
)
LaTeX Font Info:    Font shape `T1/pzc/m/n' in size <17.28> not available
(Font)              Font shape `T1/pzc/mb/it' tried instead on input line 127.


LaTeX Font Warning: Font shape `T1/pzc/bx/n' undefined
(Font)              using `T1/pzc/m/n' instead on input line 128.

LaTeX Font Info:    Font shape `T1/pzc/bx/n' in size <17.28> not available
(Font)              Font shape `T1/pzc/mb/it' tried instead on input line 128.
[2{C:/Users/slim/AppData/Local/MiKTeX/2.9/pdftex/config/pdftex.map}]
Underfull \hbox (badness 10000) in paragraph at lines 145--147

 []


Underfull \hbox (badness 10000) in paragraph at lines 148--150

 []


Underfull \hbox (badness 10000) in paragraph at lines 151--153

 []

[3] (pfe.toc
LaTeX Font Info:    Try loading font information for OT1+lmr on input line 6.

("C:\Users\slim\AppData\Local\Programs\MiKTeX 2.9\tex/latex/lm\ot1lmr.fd"
File: ot1lmr.fd 2009/10/30 v1.6 Font defs for Latin Modern
)
LaTeX Font Info:    Try loading font information for OML+lmm on input line 6.

("C:\Users\slim\AppData\Local\Programs\MiKTeX 2.9\tex/latex/lm\omllmm.fd"
File: omllmm.fd 2009/10/30 v1.6 Font defs for Latin Modern
)
LaTeX Font Info:    Try loading font information for OMS+lmsy on input line 6.

("C:\Users\slim\AppData\Local\Programs\MiKTeX 2.9\tex/latex/lm\omslmsy.fd"
File: omslmsy.fd 2009/10/30 v1.6 Font defs for Latin Modern
)
LaTeX Font Info:    Try loading font information for OMX+lmex on input line 6.

("C:\Users\slim\AppData\Local\Programs\MiKTeX 2.9\tex/latex/lm\omxlmex.fd"
File: omxlmex.fd 2009/10/30 v1.6 Font defs for Latin Modern
)
LaTeX Font Info:    External font `lmex10' loaded for size
(Font)              <12> on input line 6.
LaTeX Font Info:    External font `lmex10' loaded for size
(Font)              <8> on input line 6.
LaTeX Font Info:    External font `lmex10' loaded for size
(Font)              <6> on input line 6.
LaTeX Font Info:    Try loading font information for U+msa on input line 6.

("C:\Users\slim\AppData\Local\Programs\MiKTeX 2.9\tex/latex/amsfonts\umsa.fd"
File: umsa.fd 2013/01/14 v3.01 AMS symbols A
)
LaTeX Font Info:    Try loading font information for U+msb on input line 6.

("C:\Users\slim\AppData\Local\Programs\MiKTeX 2.9\tex/latex/amsfonts\umsb.fd"
File: umsb.fd 2013/01/14 v3.01 AMS symbols B
)
[4

] [5] [6] [7] [8] [9] [10] [11] [12]
Overfull \hbox (41.14908pt too wide) in paragraph at lines 166--166
 [][] []\T1/lmr/m/n/12 Diagramme de classes d'ana-lyse re-la-tif aux cas d'uti-
li-sa-tion"Consulter 
 []

[13] [14]
Overfull \hbox (19.55466pt too wide) in paragraph at lines 192--192
 [][] []\T1/lmr/m/n/12 Diagramme de sé-quences re-la-tif au sous cas d'uti-li-s
a-tion Consul- 
 []

[15])
\tf@toc=\write3
\openout3 = `pfe.toc'.

 [16] (pfe.lof [17

] [18] [19] [20] [21]
Overfull \hbox (3.68082pt too wide) in paragraph at lines 106--106
 [][] []\T1/lmr/m/n/12 Diagramme de classes d'ana-lyse re-la-tif au cas d'uti-l
i-sa-tion "Consul-ter le nombre 
 []

[22] [23] [24] [25] [26])
\tf@lof=\write4
\openout4 = `pfe.lof'.

 [27] (pfe.lot [28

])
\tf@lot=\write5
\openout5 = `pfe.lot'.

 [29]
Underfull \hbox (badness 10000) in paragraph at lines 206--208

 []


Underfull \hbox (badness 10000) in paragraph at lines 209--211

 []


Underfull \hbox (badness 10000) in paragraph at lines 212--214

 []


Underfull \hbox (badness 10000) in paragraph at lines 215--219

 []

[1

]
Underfull \hbox (badness 10000) in paragraph at lines 220--222

 []

[2]
Chapitre 1.
LaTeX Font Info:    Try loading font information for T1+lmss on input line 237.

("C:\Users\slim\AppData\Local\Programs\MiKTeX 2.9\tex/latex/lm\t1lmss.fd"
File: t1lmss.fd 2009/10/30 v1.6 Font defs for Latin Modern
)
Underfull \hbox (badness 10000) in paragraph at lines 247--252

 []

[3

]
<Organigramme.png, id=111, 706.3188pt x 329.0694pt>
File: Organigramme.png Graphic file (type png)
<use Organigramme.png>
Package pdftex.def Info: Organigramme.png  used on input line 291.
(pdftex.def)             Requested size: 488.57835pt x 227.62204pt.

Overfull \hbox (19.10786pt too wide) in paragraph at lines 291--292
[][] 
 []

[4 <./Organigramme.png>] [5

] [6]
<pic1.jpg, id=124, 421.575pt x 249.93375pt>
File: pic1.jpg Graphic file (type jpg)
<use pic1.jpg>
Package pdftex.def Info: pic1.jpg  used on input line 340.
(pdftex.def)             Requested size: 479.9765pt x 284.52756pt.

Overfull \hbox (10.50601pt too wide) in paragraph at lines 340--341
[][] 
 []


Underfull \hbox (badness 10000) in paragraph at lines 335--344

 []

[7 <./pic1.jpg>]
<u.jpg, id=128, 746.01291pt x 559.50967pt>
File: u.jpg Graphic file (type jpg)
<use u.jpg>
Package pdftex.def Info: u.jpg  used on input line 356.
(pdftex.def)             Requested size: 373.00554pt x 279.75415pt.

Underfull \hbox (badness 10000) in paragraph at lines 381--383

 []

[8 <./u.jpg>] [9]
Underfull \hbox (badness 10000) in paragraph at lines 413--415

 []

[10] [11]
Chapitre 2.
[12


]
<c.png, id=145, 543.53062pt x 254.45062pt>
File: c.png Graphic file (type png)
<use c.png>
Package pdftex.def Info: c.png  used on input line 464.
(pdftex.def)             Requested size: 483.71584pt x 170.72174pt.

Overfull \hbox (14.24535pt too wide) in paragraph at lines 464--465
[][] 
 []

[13 <./c.png>]
<d.png, id=149, 600.74437pt x 425.33907pt>
File: d.png Graphic file (type png)
<use d.png>
Package pdftex.def Info: d.png  used on input line 476.
(pdftex.def)             Requested size: 455.25964pt x 341.45291pt.
 [14 <./d.png>] [15]
Underfull \hbox (badness 1502) in paragraph at lines 558--560
[]|\T1/lmr/m/n/12 Supervise les tra-vaux ef-fec-tués
 []


Underfull \hbox (badness 10000) in paragraph at lines 563--563
[]|\T1/lmr/m/n/12 Renseigne au sein de
 []


Underfull \hbox (badness 1442) in paragraph at lines 565--565
\T1/lmr/m/n/12 le-ment de la ges-tion des
 []


Overfull \hbox (23.37357pt too wide) in paragraph at lines 552--570
 [] 
 []

[16]
<f.PNG, id=160, 545.78906pt x 773.13844pt>
File: f.PNG Graphic file (type png)
<use f.PNG>
Package pdftex.def Info: f.PNG  used on input line 579.
(pdftex.def)             Requested size: 512.18399pt x 483.69403pt.

Overfull \hbox (42.7135pt too wide) in paragraph at lines 579--580
 [] 
 []

[17 <./f.PNG>]
Underfull \hbox (badness 10000) in paragraph at lines 631--631
[]|\T1/lmr/m/n/12 Consulter les de-mandes des
 []


Overfull \hbox (23.37357pt too wide) in paragraph at lines 592--639
 [] 
 []

[18]
<auth.png, id=167, 242.40562pt x 51.19125pt>
File: auth.png Graphic file (type png)
<use auth.png>
Package pdftex.def Info: auth.png  used on input line 652.
(pdftex.def)             Requested size: 227.63197pt x 36.99123pt.

Overfull \hbox (27.02634pt too wide) in paragraph at lines 664--701
 [] 
 []

[19 <./auth.png>]
<admin2.png, id=171, 512.66531pt x 176.91093pt>
File: admin2.png Graphic file (type png)
<use admin2.png>
Package pdftex.def Info: admin2.png  used on input line 710.
(pdftex.def)             Requested size: 369.88535pt x 170.71797pt.

Overfull \hbox (27.02634pt too wide) in paragraph at lines 721--757
 [] 
 []

[20 <./admin2.png>]
<a3.PNG, id=176, 603.75563pt x 106.14656pt>
File: a3.PNG Graphic file (type png)
<use a3.PNG>
Package pdftex.def Info: a3.PNG  used on input line 763.
(pdftex.def)             Requested size: 369.88417pt x 56.90527pt.

Overfull \hbox (27.02634pt too wide) in paragraph at lines 772--804
 [] 
 []

<a4.PNG, id=177, 603.75563pt x 96.36pt>
File: a4.PNG Graphic file (type png)
<use a4.PNG>
Package pdftex.def Info: a4.PNG  used on input line 809.
(pdftex.def)             Requested size: 369.88417pt x 56.90482pt.

Overfull \hbox (1.0482pt too wide) in paragraph at lines 760--813
\T1/lmr/m/n/12 Après être au-then-ti-fié, l'ad-mi-nis-tra-teur peut consul-ter 
la liste des en-sei-gnants comme l'illustre
 []

[21 <./a3.PNG> <./a4.PNG>]
Overfull \hbox (27.02634pt too wide) in paragraph at lines 819--868
 [] 
 []

<a6.PNG, id=181, 603.75563pt x 161.10187pt>
File: a6.PNG Graphic file (type png)
<use a6.PNG>
Package pdftex.def Info: a6.PNG  used on input line 873.
(pdftex.def)             Requested size: 369.88417pt x 108.12451pt.
[22 <./a6.PNG>]
Overfull \hbox (27.02634pt too wide) in paragraph at lines 883--926
 [] 
 []

<a8.PNG, id=185, 603.75563pt x 161.10187pt>
File: a8.PNG Graphic file (type png)
<use a8.PNG>
Package pdftex.def Info: a8.PNG  used on input line 931.
(pdftex.def)             Requested size: 369.88417pt x 113.81528pt.
[23 <./a8.PNG>]
Overfull \hbox (27.02634pt too wide) in paragraph at lines 943--979
[][] 
 []

<informer_ens.png, id=189, 512.66531pt x 137.01187pt>
File: informer_ens.png Graphic file (type png)
<use informer_ens.png>
Package pdftex.def Info: informer_ens.png  used on input line 986.
(pdftex.def)             Requested size: 284.52478pt x 113.8139pt.
<admin1.png, id=190, 512.66531pt x 176.91093pt>
File: admin1.png Graphic file (type png)
<use admin1.png>
Package pdftex.def Info: admin1.png  used on input line 996.
(pdftex.def)             Requested size: 426.795pt x 170.71797pt.
[24 <./informer_ens.png>]
Overfull \hbox (27.02634pt too wide) in paragraph at lines 1005--1041
 [] 
 []

<a1.PNG, id=194, 603.75563pt x 104.64093pt>
File: a1.PNG Graphic file (type png)
<use a1.PNG>
Package pdftex.def Info: a1.PNG  used on input line 1046.
(pdftex.def)             Requested size: 369.88417pt x 56.90442pt.
[25 <./admin1.png>]
Overfull \hbox (27.02634pt too wide) in paragraph at lines 1058--1090
 [] 
 []

<a2.PNG, id=198, 603.75563pt x 104.64093pt>
File: a2.PNG Graphic file (type png)
<use a2.PNG>
Package pdftex.def Info: a2.PNG  used on input line 1095.
(pdftex.def)             Requested size: 369.88417pt x 56.90442pt.
[26 <./a1.PNG> <./a2.PNG>]
Overfull \hbox (27.02634pt too wide) in paragraph at lines 1105--1154
 [] 
 []

<a7.PNG, id=203, 478.78876pt x 208.52907pt>
File: a7.PNG Graphic file (type png)
<use a7.PNG>
Package pdftex.def Info: a7.PNG  used on input line 1159.
(pdftex.def)             Requested size: 341.43275pt x 99.58688pt.
[27 <./a7.PNG>]
Overfull \hbox (27.02634pt too wide) in paragraph at lines 1169--1212
 [] 
 []

<a5.PNG, id=207, 603.75563pt x 143.03438pt>
File: a5.PNG Graphic file (type png)
<use a5.PNG>
Package pdftex.def Info: a5.PNG  used on input line 1217.
(pdftex.def)             Requested size: 341.42657pt x 113.81216pt.
[28 <./a5.PNG>]
Overfull \hbox (27.02634pt too wide) in paragraph at lines 1227--1263
[][] 
 []

<informer_per.png, id=211, 512.66531pt x 137.01187pt>
File: informer_per.png Graphic file (type png)
<use informer_per.png>
Package pdftex.def Info: informer_per.png  used on input line 1269.
(pdftex.def)             Requested size: 284.52478pt x 113.8139pt.
[29 <./informer_per.png>]
<int.png, id=215, 152.06813pt x 79.04532pt>
File: int.png Graphic file (type png)
<use int.png>
Package pdftex.def Info: int.png  used on input line 1305.
(pdftex.def)             Requested size: 28.45236pt x 28.45267pt.
<cntrl.png, id=216, 127.22531pt x 94.85437pt>
File: cntrl.png Graphic file (type png)
<use cntrl.png>
Package pdftex.def Info: cntrl.png  used on input line 1317.
(pdftex.def)             Requested size: 28.45168pt x 28.45218pt.
 [30

 <./int.png> <./cntrl.png>]
<entite.png, id=222, 118.19156pt x 93.34875pt>
File: entite.png Graphic file (type png)
<use entite.png>
Package pdftex.def Info: entite.png  used on input line 1335.
(pdftex.def)             Requested size: 28.45311pt x 28.45209pt.
<t1.png, id=223, 414.04688pt x 203.25937pt>
File: t1.png Graphic file (type png)
<use t1.png>
Package pdftex.def Info: t1.png  used on input line 1348.
(pdftex.def)             Requested size: 398.35234pt x 227.63033pt.
 [31 <./entite.png> <./t1.png>]
<aj_ens.png, id=228, 536.75531pt x 200.24812pt>
File: aj_ens.png Graphic file (type png)
<use aj_ens.png>
Package pdftex.def Info: aj_ens.png  used on input line 1359.
(pdftex.def)             Requested size: 398.33932pt x 156.49846pt.
<traconsens.png, id=229, 536.75531pt x 200.24812pt>
File: traconsens.png Graphic file (type png)
<use traconsens.png>
Package pdftex.def Info: traconsens.png  used on input line 1368.
(pdftex.def)             Requested size: 369.88652pt x 170.72504pt.
<mod_ens.png, id=230, 600.74437pt x 200.24812pt>
File: mod_ens.png Graphic file (type png)
<use mod_ens.png>
Package pdftex.def Info: mod_ens.png  used on input line 1380.
(pdftex.def)             Requested size: 369.90018pt x 170.72504pt.
 [32 <./aj_ens.png> <./traconsens.png>]
<sup_ens.png, id=235, 600.74437pt x 200.24812pt>
File: sup_ens.png Graphic file (type png)
<use sup_ens.png>
Package pdftex.def Info: sup_ens.png  used on input line 1389.
(pdftex.def)             Requested size: 369.90018pt x 142.27188pt.
<tra_info_ens.png, id=236, 511.9125pt x 169.38281pt>
File: tra_info_ens.png Graphic file (type png)
<use tra_info_ens.png>
Package pdftex.def Info: tra_info_ens.png  used on input line 1396.
(pdftex.def)             Requested size: 398.33719pt x 199.1773pt.
 [33 <./mod_ens.png> <./sup_ens.png>]
<tap.png, id=240, 556.32843pt x 200.24812pt>
File: tap.png Graphic file (type png)
<use tap.png>
Package pdftex.def Info: tap.png  used on input line 1405.
(pdftex.def)             Requested size: 398.34056pt x 170.72504pt.
<traconsabs.png, id=241, 559.33969pt x 200.24812pt>
File: traconsabs.png Graphic file (type png)
<use traconsabs.png>
Package pdftex.def Info: traconsabs.png  used on input line 1414.
(pdftex.def)             Requested size: 398.35443pt x 170.72504pt.
 [34 <./tra_info_ens.png> <./tap.png>]
<tma.png, id=245, 598.48593pt x 200.24812pt>
File: tma.png Graphic file (type png)
<use tma.png>
Package pdftex.def Info: tma.png  used on input line 1425.
(pdftex.def)             Requested size: 398.3443pt x 142.27188pt.
<tracsupp.png, id=246, 598.48593pt x 200.24812pt>
File: tracsupp.png Graphic file (type png)
<use tracsupp.png>
Package pdftex.def Info: tracsupp.png  used on input line 1435.
(pdftex.def)             Requested size: 398.3443pt x 170.72504pt.
 [35 <./traconsabs.png> <./tma.png>]
<tra_info_per.png, id=250, 510.40688pt x 169.38281pt>
File: tra_info_per.png Graphic file (type png)
<use tra_info_per.png>
Package pdftex.def Info: tra_info_per.png  used on input line 1442.
(pdftex.def)             Requested size: 398.3572pt x 199.1773pt.
[36 <./tracsupp.png> <./tra_info_per.png>]
<classid.png, id=254, 371.13657pt x 71.51718pt>
File: classid.png Graphic file (type png)
<use classid.png>
Package pdftex.def Info: classid.png  used on input line 1455.
(pdftex.def)             Requested size: 341.43845pt x 56.90607pt.
<cl_aj.png, id=255, 583.42969pt x 129.48375pt>
File: cl_aj.png Graphic file (type png)
<use cl_aj.png>
Package pdftex.def Info: cl_aj.png  used on input line 1463.
(pdftex.def)             Requested size: 341.44298pt x 102.43526pt.
<cap.png, id=256, 361.35pt x 71.51718pt>
File: cap.png Graphic file (type png)
<use cap.png>
Package pdftex.def Info: cap.png  used on input line 1471.
(pdftex.def)             Requested size: 341.43344pt x 56.90607pt.
 [37 <./classid.png> <./cl_aj.png>]
[38 <./cap.png>]
<colla_adm_authentification.png, id=265, 506.6428pt x 236.38312pt>
File: colla_adm_authentification.png Graphic file (type png)
<use colla_adm_authentification.png>
Package pdftex.def Info: colla_adm_authentification.png  used on input line 149
0.
(pdftex.def)             Requested size: 398.3494pt x 156.49306pt.
<collaajoutens.png, id=266, 427.5975pt x 248.42813pt>
File: collaajoutens.png Graphic file (type png)
<use collaajoutens.png>
Package pdftex.def Info: collaajoutens.png  used on input line 1500.
(pdftex.def)             Requested size: 398.34012pt x 156.4916pt.
<collaconsens.PNG, id=267, 367.3725pt x 222.07968pt>
File: collaconsens.PNG Graphic file (type png)
<use collaconsens.PNG>
Package pdftex.def Info: collaconsens.PNG  used on input line 1509.
(pdftex.def)             Requested size: 398.36519pt x 156.48825pt.
 [39 <./colla_adm_authentification.png> <./collaajoutens.png>]
<colla_adm_modifierenseignant.png, id=271, 572.1375pt x 349.305pt>
File: colla_adm_modifierenseignant.png Graphic file (type png)
<use colla_adm_modifierenseignant.png>
Package pdftex.def Info: colla_adm_modifierenseignant.png  used on input line 1
519.
(pdftex.def)             Requested size: 398.3459pt x 170.71855pt.
<colla_adm_supprimerenseignant.png, id=272, 559.33969pt x 319.1925pt>
File: colla_adm_supprimerenseignant.png Graphic file (type png)
<use colla_adm_supprimerenseignant.png>
Package pdftex.def Info: colla_adm_supprimerenseignant.png  used on input line 
1528.
(pdftex.def)             Requested size: 341.44421pt x 142.26181pt.

[40 <./collaconsens.PNG> <./colla_adm_modifierenseignant.png>]
<colla_admin_informerenseignant.png, id=276, 350.05782pt x 239.39438pt>
File: colla_admin_informerenseignant.png Graphic file (type png)
<use colla_admin_informerenseignant.png>
Package pdftex.def Info: colla_admin_informerenseignant.png  used on input line
 1537.
(pdftex.def)             Requested size: 341.45721pt x 170.71637pt.
<collaajoutper.PNG, id=277, 414.04688pt x 248.42813pt>
File: collaajoutper.PNG Graphic file (type png)
<use collaajoutper.PNG>
Package pdftex.def Info: collaajoutper.PNG  used on input line 1545.
(pdftex.def)             Requested size: 341.44125pt x 156.4916pt.
 [41 <./colla_adm_supprimerenseignant.png> <./colla_admin_informerenseignant.pn
g>]
<collaconsper.PNG, id=281, 367.3725pt x 225.84375pt>
File: collaconsper.PNG Graphic file (type png)
<use collaconsper.PNG>
Package pdftex.def Info: collaconsper.PNG  used on input line 1555.
(pdftex.def)             Requested size: 398.36519pt x 142.27196pt.
<colla_adm_modifierpersonnel.PNG, id=282, 578.16pt x 346.29375pt>
File: colla_adm_modifierpersonnel.PNG Graphic file (type png)
<use colla_adm_modifierpersonnel.PNG>
Package pdftex.def Info: colla_adm_modifierpersonnel.PNG  used on input line 15
65.
(pdftex.def)             Requested size: 398.33975pt x 170.72108pt.
 [42 <./collaajoutper.PNG> <./collaconsper.PNG>]
<colla_adm_supprimerpersonnel.PNG, id=286, 556.32843pt x 329.73187pt>
File: colla_adm_supprimerpersonnel.PNG Graphic file (type png)
<use colla_adm_supprimerpersonnel.PNG>
Package pdftex.def Info: colla_adm_supprimerpersonnel.PNG  used on input line 1
576.
(pdftex.def)             Requested size: 341.43962pt x 142.26494pt.
<colla_admin_informerpersonnel.png, id=287, 350.05782pt x 239.39438pt>
File: colla_admin_informerpersonnel.png Graphic file (type png)
<use colla_admin_informerpersonnel.png>
Package pdftex.def Info: colla_admin_informerpersonnel.png  used on input line 
1587.
(pdftex.def)             Requested size: 341.45721pt x 113.81213pt.
 [43 <./colla_adm_modifierpersonnel.PNG> <./colla_adm_supprimerpersonnel.PNG>]
Overfull \hbox (5.32526pt too wide) in paragraph at lines 1592--1593
[]\T1/lmr/m/n/12 La concep-tion dans cette phase consiste à conce-voir les cas 
d'uti-li-sa-tions, nous al-lons construire
 []

[44 <./colla_admin_informerpersonnel.png>]
<cl_auth.PNG, id=295, 368.87813pt x 173.89969pt>
File: cl_auth.PNG Graphic file (type png)
<use cl_auth.PNG>
Package pdftex.def Info: cl_auth.PNG  used on input line 1600.
(pdftex.def)             Requested size: 341.43205pt x 128.0416pt.
<cl_ge.PNG, id=296, 368.87813pt x 255.95625pt>
File: cl_ge.PNG Graphic file (type png)
<use cl_ge.PNG>
Package pdftex.def Info: cl_ge.PNG  used on input line 1609.
(pdftex.def)             Requested size: 312.97939pt x 142.26439pt.
<cl_gp.PNG, id=297, 368.87813pt x 293.59688pt>
File: cl_gp.PNG Graphic file (type png)
<use cl_gp.PNG>
Package pdftex.def Info: cl_gp.PNG  used on input line 1619.
(pdftex.def)             Requested size: 312.97939pt x 199.16835pt.
 [45 <./cl_auth.PNG> <./cl_ge.PNG>]
[46 <./cl_gp.PNG>]
<ca.PNG, id=304, 611.28375pt x 523.20468pt>
File: ca.PNG Graphic file (type png)
<use ca.PNG>
Package pdftex.def Info: ca.PNG  used on input line 1634.
(pdftex.def)             Requested size: 512.169pt x 398.35022pt.

Overfull \hbox (42.69852pt too wide) in paragraph at lines 1634--1635
 [] 
 []

[47 <./ca.PNG>]
<sae.PNG, id=308, 566.115pt x 625.58719pt>
File: sae.PNG Graphic file (type png)
<use sae.PNG>
Package pdftex.def Info: sae.PNG  used on input line 1644.
(pdftex.def)             Requested size: 512.19391pt x 483.70822pt.

Overfull \hbox (42.72342pt too wide) in paragraph at lines 1644--1645
 [] 
 []

[48 <./sae.PNG>]
<sec_cons_ens.PNG, id=312, 501.37312pt x 325.215pt>
File: sec_cons_ens.PNG Graphic file (type png)
<use sec_cons_ens.PNG>
Package pdftex.def Info: sec_cons_ens.PNG  used on input line 1654.
(pdftex.def)             Requested size: 483.72258pt x 341.46101pt.

Overfull \hbox (14.25209pt too wide) in paragraph at lines 1654--1655
 [] 
 []

[49 <./sec_cons_ens.PNG>]
<sec_modif_ens.PNG, id=316, 566.115pt x 661.72218pt>
File: sec_modif_ens.PNG Graphic file (type png)
<use sec_modif_ens.PNG>
Package pdftex.def Info: sec_modif_ens.PNG  used on input line 1664.
(pdftex.def)             Requested size: 512.19391pt x 483.68929pt.

Overfull \hbox (42.72342pt too wide) in paragraph at lines 1664--1665
 [] 
 []

[50 <./sec_modif_ens.PNG>]
<sec_sup_ens.PNG, id=321, 566.115pt x 624.08156pt>
File: sec_sup_ens.PNG Graphic file (type png)
<use sec_sup_ens.PNG>
Package pdftex.def Info: sec_sup_ens.PNG  used on input line 1674.
(pdftex.def)             Requested size: 512.19391pt x 483.70583pt.

Overfull \hbox (42.72342pt too wide) in paragraph at lines 1674--1675
 [] 
 []

[51 <./sec_sup_ens.PNG>]
<sec_info_ens.PNG, id=325, 426.84468pt x 420.06938pt>
File: sec_info_ens.PNG Graphic file (type png)
<use sec_info_ens.PNG>
Package pdftex.def Info: sec_info_ens.PNG  used on input line 1685.
(pdftex.def)             Requested size: 398.36177pt x 483.69778pt.
 [52 <./sec_info_ens.PNG>]
<sap.PNG, id=329, 566.115pt x 625.58719pt>
File: sap.PNG Graphic file (type png)
<use sap.PNG>
Package pdftex.def Info: sap.PNG  used on input line 1694.
(pdftex.def)             Requested size: 398.35097pt x 341.4394pt.
 [53 <./sap.PNG>]
<sec_cons_per.PNG, id=333, 502.87875pt x 335.00156pt>
File: sec_cons_per.PNG Graphic file (type png)
<use sec_cons_per.PNG>
Package pdftex.def Info: sec_cons_per.PNG  used on input line 1704.
(pdftex.def)             Requested size: 455.24165pt x 341.43124pt.
 [54 <./sec_cons_per.PNG>]
<sec_modif_per.PNG, id=337, 566.115pt x 718.18312pt>
File: sec_modif_per.PNG Graphic file (type png)
<use sec_modif_per.PNG>
Package pdftex.def Info: sec_modif_per.PNG  used on input line 1714.
(pdftex.def)             Requested size: 512.19391pt x 483.71162pt.

Overfull \hbox (42.72342pt too wide) in paragraph at lines 1714--1715
 [] 
 []

[55 <./sec_modif_per.PNG>]
<sec_sup_per.PNG, id=341, 566.115pt x 624.08156pt>
File: sec_sup_per.PNG Graphic file (type png)
<use sec_sup_per.PNG>
Package pdftex.def Info: sec_sup_per.PNG  used on input line 1724.
(pdftex.def)             Requested size: 512.19391pt x 483.70583pt.

Overfull \hbox (42.72342pt too wide) in paragraph at lines 1724--1725
 [] 
 []

[56 <./sec_sup_per.PNG>]
<sec_info_per.PNG, id=346, 426.84468pt x 404.26031pt>
File: sec_info_per.PNG Graphic file (type png)
<use sec_info_per.PNG>
Package pdftex.def Info: sec_info_per.PNG  used on input line 1734.
(pdftex.def)             Requested size: 398.36177pt x 483.70352pt.
 [57 <./sec_info_per.PNG>]
<Brackets_Icon.png, id=350, 803.0pt x 803.0pt>
File: Brackets_Icon.png Graphic file (type png)
<use Brackets_Icon.png>
Package pdftex.def Info: Brackets_Icon.png  used on input line 1751.
(pdftex.def)             Requested size: 17.07182pt x 17.06812pt.
<800px-Visual_Studio_Code.png, id=351, 803.0pt x 799.98875pt>
File: 800px-Visual_Studio_Code.png Graphic file (type png)
<use 800px-Visual_Studio_Code.png>
Package pdftex.def Info: 800px-Visual_Studio_Code.png  used on input line 1755.

(pdftex.def)             Requested size: 17.07182pt x 17.0041pt.
<Xampp_logo.png, id=352, 1927.2pt x 502.87875pt>
File: Xampp_logo.png Graphic file (type png)
<use Xampp_logo.png>
Package pdftex.def Info: Xampp_logo.png  used on input line 1759.
(pdftex.def)             Requested size: 22.76228pt x 5.93913pt.
 [58

 <./Brackets_Icon.png> <./800px-Visual_Studio_Code.png> <./Xampp_logo.png>]
<HTML_logo.png, id=359, 803.0pt x 803.0pt>
File: HTML_logo.png Graphic file (type png)
<use HTML_logo.png>
Package pdftex.def Info: HTML_logo.png  used on input line 1764.
(pdftex.def)             Requested size: 22.76228pt x 22.7534pt.
<CSS3_logo_and_wordmark.png, id=360, 1204.5pt x 1699.34875pt>
File: CSS3_logo_and_wordmark.png Graphic file (type png)
<use CSS3_logo_and_wordmark.png>
Package pdftex.def Info: CSS3_logo_and_wordmark.png  used on input line 1768.
(pdftex.def)             Requested size: 22.76228pt x 32.10126pt.
<bootstrap-4-the-most-popular-html-css-and-js-library.png, id=361, 401.5pt x 32
1.2pt>
File: bootstrap-4-the-most-popular-html-css-and-js-library.png Graphic file (ty
pe png)
<use bootstrap-4-the-most-popular-html-css-and-js-library.png>
Package pdftex.def Info: bootstrap-4-the-most-popular-html-css-and-js-library.p
ng  used on input line 1772.
(pdftex.def)             Requested size: 22.76228pt x 18.20763pt.
<logo_javascript.png, id=362, 738.76pt x 451.6875pt>
File: logo_javascript.png Graphic file (type png)
<use logo_javascript.png>
Package pdftex.def Info: logo_javascript.png  used on input line 1776.
(pdftex.def)             Requested size: 22.76228pt x 13.91531pt.
 [59 <./HTML_logo.png> <./CSS3_logo_and_wordmark.png> <./bootstrap-4-the-most-p
opular-html-css-and-js-library.png> <./logo_javascript.png>]
<1280px-PHP-logo.png, id=369, 1284.8pt x 693.59125pt>
File: 1280px-PHP-logo.png Graphic file (type png)
<use 1280px-PHP-logo.png>
Package pdftex.def Info: 1280px-PHP-logo.png  used on input line 1781.
(pdftex.def)             Requested size: 22.76228pt x 12.28725pt.
<illu_ajax-et-l-echange-de-donnees-en-javascript.png, id=370, 441.65pt x 311.16
25pt>
File: illu_ajax-et-l-echange-de-donnees-en-javascript.png Graphic file (type pn
g)
<use illu_ajax-et-l-echange-de-donnees-en-javascript.png>
Package pdftex.def Info: illu_ajax-et-l-echange-de-donnees-en-javascript.png  u
sed on input line 1785.
(pdftex.def)             Requested size: 22.76228pt x 16.03383pt.
<MySQL-Logo.png, id=371, 622.325pt x 331.2375pt>
File: MySQL-Logo.png Graphic file (type png)
<use MySQL-Logo.png>
Package pdftex.def Info: MySQL-Logo.png  used on input line 1790.
(pdftex.def)             Requested size: 22.76228pt x 12.11508pt.

Underfull \hbox (badness 10000) in paragraph at lines 1796--1797

 []

[60 <./1280px-PHP-logo.png> <./illu_ajax-et-l-echange-de-donnees-en-javascript.
png> <./MySQL-Logo.png>]
<login.PNG, id=377, 1201.48875pt x 645.91313pt>
File: login.PNG Graphic file (type png)
<use login.PNG>
Package pdftex.def Info: login.PNG  used on input line 1801.
(pdftex.def)             Requested size: 512.1568pt x 341.43546pt.

Overfull \hbox (42.68631pt too wide) in paragraph at lines 1801--1802
 [] 
 []

[61 <./login.PNG>]
<ajouter_enseignant.PNG, id=382, 1203.7472pt x 644.4075pt>
File: ajouter_enseignant.PNG Graphic file (type png)
<use ajouter_enseignant.PNG>
Package pdftex.def Info: ajouter_enseignant.PNG  used on input line 1810.
(pdftex.def)             Requested size: 512.16437pt x 213.3926pt.

Overfull \hbox (42.69388pt too wide) in paragraph at lines 1810--1811
 [] 
 []

<consulter_enseignant.PNG, id=383, 1203.7472pt x 647.41875pt>
File: consulter_enseignant.PNG Graphic file (type png)
<use consulter_enseignant.PNG>
Package pdftex.def Info: consulter_enseignant.PNG  used on input line 1818.
(pdftex.def)             Requested size: 512.16437pt x 220.50473pt.

Overfull \hbox (42.69388pt too wide) in paragraph at lines 1818--1819
 [] 
 []

[62 <./ajouter_enseignant.PNG> <./consulter_enseignant.PNG>]
<modifier_enseignant.PNG, id=390, 1073.51062pt x 648.17157pt>
File: modifier_enseignant.PNG Graphic file (type png)
<use modifier_enseignant.PNG>
Package pdftex.def Info: modifier_enseignant.PNG  used on input line 1827.
(pdftex.def)             Requested size: 512.15057pt x 220.50398pt.

Overfull \hbox (42.68008pt too wide) in paragraph at lines 1827--1828
 [] 
 []

<supprimer_enseignant.PNG, id=391, 1203.7472pt x 648.17157pt>
File: supprimer_enseignant.PNG Graphic file (type png)
<use supprimer_enseignant.PNG>
Package pdftex.def Info: supprimer_enseignant.PNG  used on input line 1835.
(pdftex.def)             Requested size: 512.16437pt x 213.39287pt.

Overfull \hbox (42.69388pt too wide) in paragraph at lines 1835--1836
 [] 
 []

[63 <./modifier_enseignant.PNG> <./supprimer_enseignant.PNG>]
<informer_enseignant.PNG, id=397, 1204.5pt x 646.66594pt>
File: informer_enseignant.PNG Graphic file (type png)
<use informer_enseignant.PNG>
Package pdftex.def Info: informer_enseignant.PNG  used on input line 1844.
(pdftex.def)             Requested size: 512.17223pt x 220.50488pt.

Overfull \hbox (42.70174pt too wide) in paragraph at lines 1844--1845
 [] 
 []

<ajouter_pc.PNG, id=398, 1202.24156pt x 647.41875pt>
File: ajouter_pc.PNG Graphic file (type png)
<use ajouter_pc.PNG>
Package pdftex.def Info: ajouter_pc.PNG  used on input line 1852.
(pdftex.def)             Requested size: 512.16583pt x 213.392pt.

Overfull \hbox (42.69534pt too wide) in paragraph at lines 1852--1853
 [] 
 []

[64 <./informer_enseignant.PNG> <./ajouter_pc.PNG>]
<consulter_pc.PNG, id=404, 1202.99437pt x 645.16031pt>
File: consulter_pc.PNG Graphic file (type png)
<use consulter_pc.PNG>
Package pdftex.def Info: consulter_pc.PNG  used on input line 1862.
(pdftex.def)             Requested size: 455.25192pt x 213.39577pt.

Underfull \hbox (badness 10000) in paragraph at lines 1859--1867

 []

<modifier_pc.PNG, id=405, 1074.26344pt x 647.41875pt>
File: modifier_pc.PNG Graphic file (type png)
<use modifier_pc.PNG>
Package pdftex.def Info: modifier_pc.PNG  used on input line 1871.
(pdftex.def)             Requested size: 512.14912pt x 220.50473pt.

Overfull \hbox (42.67863pt too wide) in paragraph at lines 1871--1872
 [] 
 []

[65 <./consulter_pc.PNG> <./modifier_pc.PNG>]
<supprimer_pc.PNG, id=411, 1203.7472pt x 645.91313pt>
File: supprimer_pc.PNG Graphic file (type png)
<use supprimer_pc.PNG>
Package pdftex.def Info: supprimer_pc.PNG  used on input line 1880.
(pdftex.def)             Requested size: 455.24294pt x 220.50444pt.
<informer_pc.PNG, id=412, 1203.7472pt x 646.66594pt>
File: informer_pc.PNG Graphic file (type png)
<use informer_pc.PNG>
Package pdftex.def Info: informer_pc.PNG  used on input line 1888.
(pdftex.def)             Requested size: 455.24294pt x 213.39055pt.
 [66 <./supprimer_pc.PNG> <./informer_pc.PNG>]
<ajouter_pa.PNG, id=418, 1204.5pt x 647.41875pt>
File: ajouter_pa.PNG Graphic file (type png)
<use ajouter_pa.PNG>
Package pdftex.def Info: ajouter_pa.PNG  used on input line 1898.
(pdftex.def)             Requested size: 455.25195pt x 220.50473pt.

Underfull \hbox (badness 10000) in paragraph at lines 1895--1903

 []

<consulter_pa.PNG, id=419, 1204.5pt x 645.16031pt>
File: consulter_pa.PNG Graphic file (type png)
<use consulter_pa.PNG>
Package pdftex.def Info: consulter_pa.PNG  used on input line 1907.
(pdftex.def)             Requested size: 455.25195pt x 220.50339pt.
[67 <./ajouter_pa.PNG> <./consulter_pa.PNG>]
<modifier_pa.PNG, id=425, 1073.51062pt x 648.17157pt>
File: modifier_pa.PNG Graphic file (type png)
<use modifier_pa.PNG>
Package pdftex.def Info: modifier_pa.PNG  used on input line 1916.
(pdftex.def)             Requested size: 512.15057pt x 256.07936pt.

Overfull \hbox (42.68008pt too wide) in paragraph at lines 1916--1917
 [] 
 []

<supprimer_pa.PNG, id=426, 1204.5pt x 645.91313pt>
File: supprimer_pa.PNG Graphic file (type png)
<use supprimer_pa.PNG>
Package pdftex.def Info: supprimer_pa.PNG  used on input line 1924.
(pdftex.def)             Requested size: 455.25195pt x 184.93475pt.
[68 <./modifier_pa.PNG> <./supprimer_pa.PNG>]
<informer_pa.PNG, id=433, 1204.5pt x 648.17157pt>
File: informer_pa.PNG Graphic file (type png)
<use informer_pa.PNG>
Package pdftex.def Info: informer_pa.PNG  used on input line 1933.
(pdftex.def)             Requested size: 512.17223pt x 220.50398pt.

Overfull \hbox (42.70174pt too wide) in paragraph at lines 1933--1934
 [] 
 []

[69 <./informer_pa.PNG>]
Chapitre 3.
[70

]
<enseignant1.png, id=441, 590.205pt x 208.52907pt>
File: enseignant1.png Graphic file (type png)
<use enseignant1.png>
Package pdftex.def Info: enseignant1.png  used on input line 1956.
(pdftex.def)             Requested size: 341.43657pt x 128.04256pt.

Overfull \hbox (27.02634pt too wide) in paragraph at lines 1967--1999
 [] 
 []

<enseignant2.png, id=442, 607.51968pt x 142.28156pt>
File: enseignant2.png Graphic file (type png)
<use enseignant2.png>
Package pdftex.def Info: enseignant2.png  used on input line 2007.
(pdftex.def)             Requested size: 341.4416pt x 76.82437pt.

Overfull \hbox (27.02634pt too wide) in paragraph at lines 2019--2046
 [] 
 []

<ee.png, id=443, 504.38437pt x 87.32625pt>
File: ee.png Graphic file (type png)
<use ee.png>
Package pdftex.def Info: ee.png  used on input line 2052.
(pdftex.def)             Requested size: 312.98444pt x 56.90662pt.
[71 <./enseignant1.png>]
Overfull \hbox (27.02634pt too wide) in paragraph at lines 2064--2102
 [] 
 []

[72 <./enseignant2.png> <./ee.png>] [73]
Underfull \hbox (badness 10000) in paragraph at lines 2106--2107

 []

<enseignant3.png, id=453, 542.025pt x 189.70876pt>
File: enseignant3.png Graphic file (type png)
<use enseignant3.png>
Package pdftex.def Info: enseignant3.png  used on input line 2111.
(pdftex.def)             Requested size: 284.5343pt x 113.81165pt.

Overfull \hbox (27.02634pt too wide) in paragraph at lines 2123--2154
 [] 
 []

[74 <./enseignant3.png>]
<enseignant4.png, id=458, 609.02531pt x 227.34938pt>
File: enseignant4.png Graphic file (type png)
<use enseignant4.png>
Package pdftex.def Info: enseignant4.png  used on input line 2162.
(pdftex.def)             Requested size: 341.44215pt x 85.35986pt.

Overfull \hbox (27.02634pt too wide) in paragraph at lines 2174--2203
 [] 
 []

<ec.png, id=459, 588.69937pt x 95.6072pt>
File: ec.png Graphic file (type png)
<use ec.png>
Package pdftex.def Info: ec.png  used on input line 2209.
(pdftex.def)             Requested size: 341.43689pt x 56.90521pt.
[75

 <./enseignant4.png>]
Overfull \hbox (27.02634pt too wide) in paragraph at lines 2221--2260
 [] 
 []

<e41.png, id=463, 609.02531pt x 227.34938pt>
File: e41.png Graphic file (type png)
<use e41.png>
Package pdftex.def Info: e41.png  used on input line 2266.
(pdftex.def)             Requested size: 284.53203pt x 71.13322pt.
[76 <./ec.png> <./e41.png>]
Overfull \hbox (27.02634pt too wide) in paragraph at lines 2278--2316
 [] 
 []

<e42.png, id=467, 599.23875pt x 161.10187pt>
File: e42.png Graphic file (type png)
<use e42.png>
Package pdftex.def Info: e42.png  used on input line 2322.
(pdftex.def)             Requested size: 284.53163pt x 99.58713pt.
[77 <./e42.png>]
<enseignant7.PNG, id=471, 552.56438pt x 95.6072pt>
File: enseignant7.PNG Graphic file (type png)
<use enseignant7.PNG>
Package pdftex.def Info: enseignant7.PNG  used on input line 2331.
(pdftex.def)             Requested size: 398.33507pt x 113.81625pt.

Overfull \hbox (27.02634pt too wide) in paragraph at lines 2341--2366
 [] 
 []

[78 <./enseignant7.PNG>]
<enseignant6.PNG, id=475, 447.92343pt x 142.28156pt>
File: enseignant6.PNG Graphic file (type png)
<use enseignant6.PNG>
Package pdftex.def Info: enseignant6.PNG  used on input line 2372.
(pdftex.def)             Requested size: 398.34987pt x 113.81671pt.

Overfull \hbox (27.02634pt too wide) in paragraph at lines 2382--2407
 [] 
 []

[79 <./enseignant6.PNG>]
<enseignant5.PNG, id=479, 569.87906pt x 104.64093pt>
File: enseignant5.PNG Graphic file (type png)
<use enseignant5.PNG>
Package pdftex.def Info: enseignant5.PNG  used on input line 2416.
(pdftex.def)             Requested size: 398.3387pt x 113.81044pt.

Overfull \hbox (27.02634pt too wide) in paragraph at lines 2426--2451
 [] 
 []

[80 <./enseignant5.PNG>]
<tdr.PNG, id=484, 540.51938pt x 200.24812pt>
File: tdr.PNG Graphic file (type png)
<use tdr.PNG>
Package pdftex.def Info: tdr.PNG  used on input line 2462.
(pdftex.def)             Requested size: 369.89064pt x 170.72504pt.
 [81 <./tdr.PNG>]
<tcr.PNG, id=488, 458.46281pt x 200.24812pt>
File: tcr.PNG Graphic file (type png)
<use tcr.PNG>
Package pdftex.def Info: tcr.PNG  used on input line 2471.
(pdftex.def)             Requested size: 341.44678pt x 142.27188pt.
<tsr.PNG, id=489, 592.46344pt x 200.24812pt>
File: tsr.PNG Graphic file (type png)
<use tsr.PNG>
Package pdftex.def Info: tsr.PNG  used on input line 2481.
(pdftex.def)             Requested size: 398.34969pt x 142.27188pt.
<tdcc.PNG, id=490, 530.73282pt x 200.24812pt>
File: tdcc.PNG Graphic file (type png)
<use tdcc.PNG>
Package pdftex.def Info: tdcc.PNG  used on input line 2490.
(pdftex.def)             Requested size: 398.34018pt x 142.27188pt.
 [82 <./tcr.PNG> <./tsr.PNG>]
<tcc.PNG, id=494, 456.95718pt x 201.75375pt>
File: tcc.PNG Graphic file (type png)
<use tcc.PNG>
Package pdftex.def Info: tcc.PNG  used on input line 2500.
(pdftex.def)             Requested size: 398.35138pt x 142.26411pt.
<tmc.PNG, id=495, 546.54187pt x 201.75375pt>
File: tmc.PNG Graphic file (type png)
<use tmc.PNG>
Package pdftex.def Info: tmc.PNG  used on input line 2510.
(pdftex.def)             Requested size: 398.33844pt x 156.4899pt.
 [83 <./tdcc.PNG> <./tcc.PNG>]
<tsc.PNG, id=499, 546.54187pt x 201.75375pt>
File: tsc.PNG Graphic file (type png)
<use tsc.PNG>
Package pdftex.def Info: tsc.PNG  used on input line 2518.
(pdftex.def)             Requested size: 398.33844pt x 156.4899pt.
<tccr.png, id=500, 459.96844pt x 201.75375pt>
File: tccr.png Graphic file (type png)
<use tccr.png>
Package pdftex.def Info: tccr.png  used on input line 2530.
(pdftex.def)             Requested size: 398.35852pt x 142.26411pt.
 [84 <./tmc.PNG> <./tsc.PNG>]
<cee.png, id=504, 476.53032pt x 201.75375pt>
File: cee.png Graphic file (type png)
<use cee.png>
Package pdftex.def Info: cee.png  used on input line 2540.
(pdftex.def)             Requested size: 398.35587pt x 142.26411pt.
<tcna.PNG, id=505, 494.59781pt x 200.24812pt>
File: tcna.PNG Graphic file (type png)
<use tcna.PNG>
Package pdftex.def Info: tcna.PNG  used on input line 2549.
(pdftex.def)             Requested size: 398.3353pt x 128.0453pt.
 [85 <./tccr.png> <./cee.png>]
<cdc.png, id=509, 354.57469pt x 71.51718pt>
File: cdc.png Graphic file (type png)
<use cdc.png>
Package pdftex.def Info: cdc.png  used on input line 2560.
(pdftex.def)             Requested size: 341.44286pt x 56.90607pt.
<cdr.png, id=510, 345.54094pt x 71.51718pt>
File: cdr.png Graphic file (type png)
<use cdr.png>
Package pdftex.def Info: cdr.png  used on input line 2569.
(pdftex.def)             Requested size: 341.43805pt x 56.90607pt.
 [86 <./tcna.PNG> <./cdc.png>]
<tet.png, id=515, 347.04657pt x 71.51718pt>
File: tet.png Graphic file (type png)
<use tet.png>
Package pdftex.def Info: tet.png  used on input line 2578.
(pdftex.def)             Requested size: 341.44307pt x 56.90607pt.
 [87 <./cdr.png> <./tet.png>]
<ccna.png, id=519, 354.57469pt x 71.51718pt>
File: ccna.png Graphic file (type png)
<use ccna.png>
Package pdftex.def Info: ccna.png  used on input line 2586.
(pdftex.def)             Requested size: 341.44286pt x 36.98834pt.
<colla_ens_demande_rattrapage.PNG, id=520, 396.7322pt x 226.59656pt>
File: colla_ens_demande_rattrapage.PNG Graphic file (type png)
<use colla_ens_demande_rattrapage.PNG>
Package pdftex.def Info: colla_ens_demande_rattrapage.PNG  used on input line 2
598.
(pdftex.def)             Requested size: 398.34753pt x 113.80971pt.
 [88 <./ccna.png> <./colla_ens_demande_rattrapage.PNG>]
<cce.PNG, id=524, 380.17032pt x 280.79906pt>
File: cce.PNG Graphic file (type png)
<use cce.PNG>
Package pdftex.def Info: cce.PNG  used on input line 2607.
(pdftex.def)             Requested size: 341.44241pt x 142.263pt.
<colla_ens_supprimerrattrapage.png, id=525, 627.84563pt x 328.97906pt>
File: colla_ens_supprimerrattrapage.png Graphic file (type png)
<use colla_ens_supprimerrattrapage.png>
Package pdftex.def Info: colla_ens_supprimerrattrapage.png  used on input line 
2617.
(pdftex.def)             Requested size: 398.33266pt x 170.7187pt.
<colla_ens_demandeconge.png, id=526, 397.485pt x 235.63031pt>
File: colla_ens_demandeconge.png Graphic file (type png)
<use colla_ens_demandeconge.png>
Package pdftex.def Info: colla_ens_demandeconge.png  used on input line 2626.
(pdftex.def)             Requested size: 398.35133pt x 156.49084pt.
 [89 <./cce.PNG> <./colla_ens_supprimerrattrapage.png>]
<collaconscontrai.PNG, id=530, 386.94562pt x 213.79875pt>
File: collaconscontrai.PNG Graphic file (type png)
<use collaconscontrai.PNG>
Package pdftex.def Info: collaconscontrai.PNG  used on input line 2635.
(pdftex.def)             Requested size: 341.43427pt x 99.58502pt.
<colla_ens_modifierconge.PNG, id=531, 548.0475pt x 350.81062pt>
File: colla_ens_modifierconge.PNG Graphic file (type png)
<use colla_ens_modifierconge.PNG>
Package pdftex.def Info: colla_ens_modifierconge.PNG  used on input line 2644.
(pdftex.def)             Requested size: 398.34866pt x 153.6452pt.
 [90 <./colla_ens_demandeconge.png> <./collaconscontrai.PNG>]
<colla_ens_supprimerdemandeconge.png, id=535, 550.30594pt x 324.46219pt>
File: colla_ens_supprimerdemandeconge.png Graphic file (type png)
<use colla_ens_supprimerdemandeconge.png>
Package pdftex.def Info: colla_ens_supprimerdemandeconge.png  used on input lin
e 2653.
(pdftex.def)             Requested size: 341.44646pt x 170.7165pt.
<collaconscon.PNG, id=536, 386.94562pt x 213.79875pt>
File: collaconscon.PNG Graphic file (type png)
<use collaconscon.PNG>
Package pdftex.def Info: collaconscon.PNG  used on input line 2664.
(pdftex.def)             Requested size: 398.34589pt x 142.26245pt.

[91 <./colla_ens_modifierconge.PNG> <./colla_ens_supprimerdemandeconge.png>]
<colla_ens_consulteremploi.PNG, id=540, 358.33875pt x 211.54031pt>
File: colla_ens_consulteremploi.PNG Graphic file (type png)
<use colla_ens_consulteremploi.PNG>
Package pdftex.def Info: colla_ens_consulteremploi.PNG  used on input line 2674
.
(pdftex.def)             Requested size: 398.36218pt x 142.26707pt.
<colla_ens_consulternombreabsence.PNG, id=541, 432.86719pt x 211.54031pt>
File: colla_ens_consulternombreabsence.PNG Graphic file (type png)
<use colla_ens_consulternombreabsence.PNG>
Package pdftex.def Info: colla_ens_consulternombreabsence.PNG  used on input li
ne 2683.
(pdftex.def)             Requested size: 398.35492pt x 199.17714pt.

[92 <./collaconscon.PNG> <./colla_ens_consulteremploi.PNG>]
Overfull \hbox (5.32526pt too wide) in paragraph at lines 2689--2690
[]\T1/lmr/m/n/12 La concep-tion dans cette phase consiste à conce-voir les cas 
d'uti-li-sa-tions, nous al-lons construire
 []

[93 <./colla_ens_consulternombreabsence.PNG>]
<cl_dr.PNG, id=549, 557.08125pt x 331.2375pt>
File: cl_dr.PNG Graphic file (type png)
<use cl_dr.PNG>
Package pdftex.def Info: cl_dr.PNG  used on input line 2697.
(pdftex.def)             Requested size: 455.25401pt x 341.45135pt.
 [94 <./cl_dr.PNG>]
<cl_dc.PNG, id=553, 500.62032pt x 274.77657pt>
File: cl_dc.PNG Graphic file (type png)
<use cl_dc.PNG>
Package pdftex.def Info: cl_dc.PNG  used on input line 2707.
(pdftex.def)             Requested size: 455.25964pt x 341.46152pt.
 [95 <./cl_dc.PNG>]
Overfull \hbox (4.7018pt too wide) in paragraph at lines 2713--2713
[]\T1/lmr/bx/n/12 Diagramme de classes de concep-tion re-la-tif au cas d'uti-li
-sa-tions  Consul-
 []

<cl_cna.PNG, id=557, 481.8pt x 305.64188pt>
File: cl_cna.PNG Graphic file (type png)
<use cl_cna.PNG>
Package pdftex.def Info: cl_cna.PNG  used on input line 2717.
(pdftex.def)             Requested size: 512.19795pt x 341.4491pt.

Overfull \hbox (42.72746pt too wide) in paragraph at lines 2717--2718
 [] 
 []

[96 <./cl_cna.PNG>]
<sdr.PNG, id=561, 505.89pt x 419.31656pt>
File: sdr.PNG Graphic file (type png)
<use sdr.PNG>
Package pdftex.def Info: sdr.PNG  used on input line 2729.
(pdftex.def)             Requested size: 512.15677pt x 483.69467pt.

Overfull \hbox (42.68628pt too wide) in paragraph at lines 2729--2730
 [] 
 []

<sec_cons_rat.PNG, id=562, 495.35063pt x 341.77687pt>
File: sec_cons_rat.PNG Graphic file (type png)
<use sec_cons_rat.PNG>
Package pdftex.def Info: sec_cons_rat.PNG  used on input line 2739.
(pdftex.def)             Requested size: 512.18205pt x 483.73073pt.

Overfull \hbox (42.71156pt too wide) in paragraph at lines 2739--2740
 [] 
 []

[97 <./sdr.PNG>] [98 <./sec_cons_rat.PNG>]
<ssr.PNG, id=570, 566.115pt x 694.09312pt>
File: ssr.PNG Graphic file (type png)
<use ssr.PNG>
Package pdftex.def Info: ssr.PNG  used on input line 2752.
(pdftex.def)             Requested size: 512.19391pt x 483.7119pt.

Overfull \hbox (42.72342pt too wide) in paragraph at lines 2752--2753
 [] 
 []


Overfull \hbox (1.69281pt too wide) in paragraph at lines 2757--2757
[]\T1/lmr/bx/n/12 Diagramme de sé-quences re-la-tif au cas d'uti-li-sa-tion  D
e-man-der congé : 
 []

<sdc.PNG, id=571, 566.115pt x 466.74374pt>
File: sdc.PNG Graphic file (type png)
<use sdc.PNG>
Package pdftex.def Info: sdc.PNG  used on input line 2761.
(pdftex.def)             Requested size: 512.19391pt x 483.72127pt.

Overfull \hbox (42.72342pt too wide) in paragraph at lines 2761--2762
 [] 
 []

[99

 <./ssr.PNG>]
<scc.PNG, id=575, 498.36188pt x 372.64218pt>
File: scc.PNG Graphic file (type png)
<use scc.PNG>
Package pdftex.def Info: scc.PNG  used on input line 2770.
(pdftex.def)             Requested size: 512.19302pt x 483.71265pt.

Overfull \hbox (42.72253pt too wide) in paragraph at lines 2770--2771
 [] 
 []

[100 <./sdc.PNG>]
<smc.PNG, id=579, 566.115pt x 718.18312pt>
File: smc.PNG Graphic file (type png)
<use smc.PNG>
Package pdftex.def Info: smc.PNG  used on input line 2779.
(pdftex.def)             Requested size: 512.19391pt x 483.71162pt.

Overfull \hbox (42.72342pt too wide) in paragraph at lines 2779--2780
 [] 
 []

[101 <./scc.PNG>]
<ssc.PNG, id=583, 566.115pt x 694.09312pt>
File: ssc.PNG Graphic file (type png)
<use ssc.PNG>
Package pdftex.def Info: ssc.PNG  used on input line 2788.
(pdftex.def)             Requested size: 512.19391pt x 483.7119pt.

Overfull \hbox (42.72342pt too wide) in paragraph at lines 2788--2789
 [] 
 []

[102 <./smc.PNG>]
<scct.PNG, id=587, 498.36188pt x 372.64218pt>
File: scct.PNG Graphic file (type png)
<use scct.PNG>
Package pdftex.def Info: scct.PNG  used on input line 2799.
(pdftex.def)             Requested size: 512.19302pt x 483.71265pt.

Overfull \hbox (42.72253pt too wide) in paragraph at lines 2799--2801
 [] 
 []

[103 <./ssc.PNG>] [104 <./scct.PNG>]
<sce.PNG, id=595, 498.36188pt x 372.64218pt>
File: sce.PNG Graphic file (type png)
<use sce.PNG>
Package pdftex.def Info: sce.PNG  used on input line 2810.
(pdftex.def)             Requested size: 512.19302pt x 483.71265pt.

Overfull \hbox (42.72253pt too wide) in paragraph at lines 2810--2811
 [] 
 []

<sca.PNG, id=596, 498.36188pt x 372.64218pt>
File: sca.PNG Graphic file (type png)
<use sca.PNG>
Package pdftex.def Info: sca.PNG  used on input line 2820.
(pdftex.def)             Requested size: 512.19302pt x 483.71265pt.

Overfull \hbox (42.72253pt too wide) in paragraph at lines 2820--2821
 [] 
 []

[105

 <./sce.PNG>]
Underfull \hbox (badness 10000) in paragraph at lines 2827--2828

 []

[106 <./sca.PNG>]
<demander_rattrapage.PNG, id=603, 1202.99437pt x 645.16031pt>
File: demander_rattrapage.PNG Graphic file (type png)
<use demander_rattrapage.PNG>
Package pdftex.def Info: demander_rattrapage.PNG  used on input line 2833.
(pdftex.def)             Requested size: 512.15613pt x 341.43126pt.

Overfull \hbox (42.68564pt too wide) in paragraph at lines 2833--2834
 [] 
 []

[107 <./demander_rattrapage.PNG>]
<consulter_rattrapage.PNG, id=608, 1202.99437pt x 646.66594pt>
File: consulter_rattrapage.PNG Graphic file (type png)
<use consulter_rattrapage.PNG>
Package pdftex.def Info: consulter_rattrapage.PNG  used on input line 2843.
(pdftex.def)             Requested size: 426.78146pt x 219.08398pt.
<demander_conge.PNG, id=609, 1204.5pt x 648.17157pt>
File: demander_conge.PNG Graphic file (type png)
<use demander_conge.PNG>
Package pdftex.def Info: demander_conge.PNG  used on input line 2852.
(pdftex.def)             Requested size: 426.801pt x 219.08968pt.
 [108 <./consulter_rattrapage.PNG> <./demander_conge.PNG>]
<consulter_demande_conge.PNG, id=615, 1204.5pt x 647.41875pt>
File: consulter_demande_conge.PNG Graphic file (type png)
<use consulter_demande_conge.PNG>
Package pdftex.def Info: consulter_demande_conge.PNG  used on input line 2862.
(pdftex.def)             Requested size: 512.17223pt x 213.392pt.

Overfull \hbox (42.70174pt too wide) in paragraph at lines 2862--2863
 [] 
 []

<modifier_conge.PNG, id=616, 1204.5pt x 645.16031pt>
File: modifier_conge.PNG Graphic file (type png)
<use modifier_conge.PNG>
Package pdftex.def Info: modifier_conge.PNG  used on input line 2872.
(pdftex.def)             Requested size: 512.17223pt x 213.39577pt.

Overfull \hbox (42.70174pt too wide) in paragraph at lines 2872--2873
 [] 
 []

[109 <./consulter_demande_conge.PNG> <./modifier_conge.PNG>]
<supprimer_conge.PNG, id=622, 1204.5pt x 646.66594pt>
File: supprimer_conge.PNG Graphic file (type png)
<use supprimer_conge.PNG>
Package pdftex.def Info: supprimer_conge.PNG  used on input line 2881.
(pdftex.def)             Requested size: 512.17223pt x 213.39055pt.

Overfull \hbox (42.70174pt too wide) in paragraph at lines 2881--2882
 [] 
 []

<consulter_conge_accepter.PNG, id=623, 1203.7472pt x 645.91313pt>
File: consulter_conge_accepter.PNG Graphic file (type png)
<use consulter_conge_accepter.PNG>
Package pdftex.def Info: consulter_conge_accepter.PNG  used on input line 2889.

(pdftex.def)             Requested size: 512.16437pt x 199.16656pt.

Overfull \hbox (42.69388pt too wide) in paragraph at lines 2889--2890
 [] 
 []

[110 <./supprimer_conge.PNG> <./consulter_conge_accepter.PNG>]
<consulter_emploi.PNG, id=629, 1204.5pt x 647.41875pt>
File: consulter_emploi.PNG Graphic file (type png)
<use consulter_emploi.PNG>
Package pdftex.def Info: consulter_emploi.PNG  used on input line 2900.
(pdftex.def)             Requested size: 512.17223pt x 213.392pt.

Overfull \hbox (42.70174pt too wide) in paragraph at lines 2900--2901
 [] 
 []

<consulter_nbr_abs.PNG, id=630, 1203.7472pt x 647.41875pt>
File: consulter_nbr_abs.PNG Graphic file (type png)
<use consulter_nbr_abs.PNG>
Package pdftex.def Info: consulter_nbr_abs.PNG  used on input line 2908.
(pdftex.def)             Requested size: 512.16437pt x 213.392pt.

Overfull \hbox (42.69388pt too wide) in paragraph at lines 2908--2909
 [] 
 []

[111 <./consulter_emploi.PNG> <./consulter_nbr_abs.PNG>] [112]
Chapitre 4.
[113

]
<aj_rem.png, id=642, 650.43pt x 152.06813pt>
File: aj_rem.png Graphic file (type png)
<use aj_rem.png>
Package pdftex.def Info: aj_rem.png  used on input line 2931.
(pdftex.def)             Requested size: 369.89542pt x 113.81413pt.

Overfull \hbox (27.02634pt too wide) in paragraph at lines 2943--2966
 [] 
 []

[114 <./aj_rem.png>]
<seq_consulte_acce.png, id=646, 631.60968pt x 95.6072pt>
File: seq_consulte_acce.png Graphic file (type png)
<use seq_consulte_acce.png>
Package pdftex.def Info: seq_consulte_acce.png  used on input line 2971.
(pdftex.def)             Requested size: 341.44002pt x 85.36293pt.

Overfull \hbox (27.02634pt too wide) in paragraph at lines 2982--3020
 [] 
 []


Underfull \hbox (badness 10000) in paragraph at lines 2968--3022

 []

[115 <./seq_consulte_acce.png>]
<cas_con_justififie.PNG, id=650, 486.31688pt x 125.71968pt>
File: cas_con_justififie.PNG Graphic file (type png)
<use cas_con_justififie.PNG>
Package pdftex.def Info: cas_con_justififie.PNG  used on input line 3028.
(pdftex.def)             Requested size: 369.88664pt x 113.8104pt.

Overfull \hbox (27.02634pt too wide) in paragraph at lines 3039--3062
 [] 
 []

<cas_gererconge.PNG, id=651, 469.755pt x 158.84344pt>
File: cas_gererconge.PNG Graphic file (type png)
<use cas_gererconge.PNG>
Package pdftex.def Info: cas_gererconge.PNG  used on input line 3072.
(pdftex.def)             Requested size: 369.88385pt x 142.27669pt.

Overfull \hbox (27.02634pt too wide) in paragraph at lines 3083--3106
 [] 
 []

[116 <./cas_con_justififie.PNG>] [117 <./cas_gererconge.PNG>]
<cas_con_con.PNG, id=659, 469.755pt x 158.84344pt>
File: cas_con_con.PNG Graphic file (type png)
<use cas_con_con.PNG>
Package pdftex.def Info: cas_con_con.PNG  used on input line 3111.
(pdftex.def)             Requested size: 341.43456pt x 142.27669pt.

Overfull \hbox (27.02634pt too wide) in paragraph at lines 3124--3150
 [] 
 []


Underfull \hbox (badness 10000) in paragraph at lines 3117--3152

 []

[118 <./cas_con_con.PNG>]
Underfull \hbox (badness 10000) in paragraph at lines 3157--3158

 []

<con_ens_remp.PNG, id=663, 575.14874pt x 179.92218pt>
File: con_ens_remp.PNG Graphic file (type png)
<use con_ens_remp.PNG>
Package pdftex.def Info: con_ens_remp.PNG  used on input line 3162.
(pdftex.def)             Requested size: 369.89304pt x 142.27423pt.

Overfull \hbox (27.02634pt too wide) in paragraph at lines 3171--3203
 [] 
 []

<con_ens_rempp.PNG, id=664, 547.2947pt x 91.09032pt>
File: con_ens_rempp.PNG Graphic file (type png)
<use con_ens_rempp.PNG>
Package pdftex.def Info: con_ens_rempp.PNG  used on input line 3208.
(pdftex.def)             Requested size: 369.89233pt x 85.3608pt.
[119 <./con_ens_remp.PNG>]
Overfull \hbox (27.02634pt too wide) in paragraph at lines 3218--3267
 [] 
 []

[120 <./con_ens_rempp.PNG>]
<mod_ens_remp.PNG, id=671, 565.36218pt x 147.55125pt>
File: mod_ens_remp.PNG Graphic file (type png)
<use mod_ens_remp.PNG>
Package pdftex.def Info: mod_ens_remp.PNG  used on input line 3272.
(pdftex.def)             Requested size: 369.89655pt x 108.12126pt.

Overfull \hbox (27.02634pt too wide) in paragraph at lines 3282--3325
 [] 
 []

[121 <./mod_ens_remp.PNG>]
<sup_ens_remp.PNG, id=675, 546.54187pt x 147.55125pt>
File: sup_ens_remp.PNG Graphic file (type png)
<use sup_ens_remp.PNG>
Package pdftex.def Info: sup_ens_remp.PNG  used on input line 3332.
(pdftex.def)             Requested size: 369.88391pt x 113.81293pt.

Underfull \hbox (badness 10000) in paragraph at lines 3337--3340

 []

<mar_abs.PNG, id=676, 436.63126pt x 177.66376pt>
File: mar_abs.PNG Graphic file (type png)
<use mar_abs.PNG>
Package pdftex.def Info: mar_abs.PNG  used on input line 3344.
(pdftex.def)             Requested size: 369.88577pt x 142.26674pt.
[122 <./sup_ens_remp.PNG> <./mar_abs.PNG>]
Overfull \hbox (27.02634pt too wide) in paragraph at lines 3354--3400
 [] 
 []

[123]
<tra_con_con_jus.PNG, id=684, 481.04718pt x 240.9pt>
File: tra_con_con_jus.PNG Graphic file (type png)
<use tra_con_con_jus.PNG>
Package pdftex.def Info: tra_con_con_jus.PNG  used on input line 3411.
(pdftex.def)             Requested size: 398.3442pt x 113.81114pt.
<tt.PNG, id=685, 626.34pt x 240.9pt>
File: tt.PNG Graphic file (type png)
<use tt.PNG>
Package pdftex.def Info: tt.PNG  used on input line 3419.
(pdftex.def)             Requested size: 398.35225pt x 142.26576pt.
 [124 <./tra_con_con_jus.PNG> <./tt.PNG>]
<tj.PNG, id=689, 518.6878pt x 240.9pt>
File: tj.PNG Graphic file (type png)
<use tj.PNG>
Package pdftex.def Info: tj.PNG  used on input line 3428.
(pdftex.def)             Requested size: 341.44858pt x 142.26576pt.
<cdcc.PNG, id=690, 518.6878pt x 240.9pt>
File: cdcc.PNG Graphic file (type png)
<use cdcc.PNG>
Package pdftex.def Info: cdcc.PNG  used on input line 3436.
(pdftex.def)             Requested size: 341.44858pt x 142.26576pt.
<acc.PNG, id=691, 560.0925pt x 240.9pt>
File: acc.PNG Graphic file (type png)
<use acc.PNG>
Package pdftex.def Info: acc.PNG  used on input line 3446.
(pdftex.def)             Requested size: 341.44226pt x 156.49492pt.
 [125 <./tj.PNG> <./cdcc.PNG>]
<don.PNG, id=695, 572.89032pt x 240.9pt>
File: don.PNG Graphic file (type png)
<use don.PNG>
Package pdftex.def Info: don.PNG  used on input line 3454.
(pdftex.def)             Requested size: 341.4378pt x 156.49492pt.
<mod_rem.PNG, id=696, 587.19376pt x 240.9pt>
File: mod_rem.PNG Graphic file (type png)
<use mod_rem.PNG>
Package pdftex.def Info: mod_rem.PNG  used on input line 3463.
(pdftex.def)             Requested size: 341.43275pt x 156.49492pt.

[126 <./acc.PNG> <./don.PNG>]
<sup_rem.PNG, id=700, 587.19376pt x 240.9pt>
File: sup_rem.PNG Graphic file (type png)
<use sup_rem.PNG>
Package pdftex.def Info: sup_rem.PNG  used on input line 3471.
(pdftex.def)             Requested size: 341.43275pt x 156.49492pt.
<tra_mar_abs.PNG, id=701, 603.75563pt x 200.24812pt>
File: tra_mar_abs.PNG Graphic file (type png)
<use tra_mar_abs.PNG>
Package pdftex.def Info: tra_mar_abs.PNG  used on input line 3479.
(pdftex.def)             Requested size: 341.42657pt x 199.18124pt.
 [127 <./mod_rem.PNG> <./sup_rem.PNG>] [128 <./tra_mar_abs.PNG>]
<cla_con.png, id=709, 367.3725pt x 71.51718pt>
File: cla_con.png Graphic file (type png)
<use cla_con.png>
Package pdftex.def Info: cla_con.png  used on input line 3490.
(pdftex.def)             Requested size: 341.45668pt x 56.90607pt.
<cla_con_rem.png, id=710, 479.54156pt x 103.13531pt>
File: cla_con_rem.png Graphic file (type png)
<use cla_con_rem.png>
Package pdftex.def Info: cla_con_rem.png  used on input line 3498.
(pdftex.def)             Requested size: 341.43544pt x 56.90556pt.
 [129 <./cla_con.png> <./cla_con_rem.png>]
<cla_rem.png, id=714, 376.40625pt x 74.52844pt>
File: cla_rem.png Graphic file (type png)
<use cla_rem.png>
Package pdftex.def Info: cla_rem.png  used on input line 3507.
(pdftex.def)             Requested size: 341.45618pt x 56.90602pt.
<cla_mar_abs.png, id=715, 486.31688pt x 197.23688pt>
File: cla_mar_abs.png Graphic file (type png)
<use cla_mar_abs.png>
Package pdftex.def Info: cla_mar_abs.png  used on input line 3515.
(pdftex.def)             Requested size: 341.4287pt x 85.35794pt.
<cccc.PNG, id=716, 417.81094pt x 271.76532pt>
File: cccc.PNG Graphic file (type png)
<use cccc.PNG>
Package pdftex.def Info: cccc.PNG  used on input line 3527.
(pdftex.def)             Requested size: 398.36533pt x 142.26839pt.
 [130 <./cla_rem.png> <./cla_mar_abs.png>]
<col_ajo_rem.PNG, id=720, 576.65437pt x 337.26pt>
File: col_ajo_rem.PNG Graphic file (type png)
<use col_ajo_rem.PNG>
Package pdftex.def Info: col_ajo_rem.PNG  used on input line 3536.
(pdftex.def)             Requested size: 398.34949pt x 170.71892pt.
<colla_con_jus.PNG, id=721, 401.24907pt x 275.52937pt>
File: colla_con_jus.PNG Graphic file (type png)
<use colla_con_jus.PNG>
Package pdftex.def Info: colla_con_jus.PNG  used on input line 3545.
(pdftex.def)             Requested size: 341.45515pt x 113.81282pt.
 [131 <./cccc.PNG> <./col_ajo_rem.PNG>]
<colla_dem_con.PNG, id=725, 483.30562pt x 275.52937pt>
File: colla_dem_con.PNG Graphic file (type png)
<use colla_dem_con.PNG>
Package pdftex.def Info: colla_dem_con.PNG  used on input line 3554.
(pdftex.def)             Requested size: 341.44585pt x 142.26707pt.
<colla_acc.PNG, id=726, 576.65437pt x 326.72063pt>
File: colla_acc.PNG Graphic file (type png)
<use colla_acc.PNG>
Package pdftex.def Info: colla_acc.PNG  used on input line 3563.
(pdftex.def)             Requested size: 341.44618pt x 170.71329pt.
 [132 <./colla_con_jus.PNG> <./colla_dem_con.PNG>]
<colla_con_rem.PNG, id=730, 395.22656pt x 278.54062pt>
File: colla_con_rem.PNG Graphic file (type png)
<use colla_con_rem.PNG>
Package pdftex.def Info: colla_con_rem.PNG  used on input line 3572.
(pdftex.def)             Requested size: 341.43808pt x 113.80711pt.
<colla_mod_rem.PNG, id=731, 586.44093pt x 335.00156pt>
File: colla_mod_rem.PNG Graphic file (type png)
<use colla_mod_rem.PNG>
Package pdftex.def Info: colla_mod_rem.PNG  used on input line 3581.
(pdftex.def)             Requested size: 341.43347pt x 170.71562pt.
 [133 <./colla_acc.PNG> <./colla_con_rem.PNG>]
<colla_sup_rem.PNG, id=735, 560.8453pt x 318.43968pt>
File: colla_sup_rem.PNG Graphic file (type png)
<use colla_sup_rem.PNG>
Package pdftex.def Info: colla_sup_rem.PNG  used on input line 3590.
(pdftex.def)             Requested size: 341.43051pt x 156.4887pt.
<col_mar_abs.PNG, id=736, 479.54156pt x 339.51843pt>
File: col_mar_abs.PNG Graphic file (type png)
<use col_mar_abs.PNG>
Package pdftex.def Info: col_mar_abs.PNG  used on input line 3599.
(pdftex.def)             Requested size: 398.34135pt x 227.62122pt.

[134 <./colla_mod_rem.PNG> <./colla_sup_rem.PNG>]
Overfull \hbox (5.32526pt too wide) in paragraph at lines 3604--3605
[]\T1/lmr/m/n/12 La concep-tion dans cette phase consiste à conce-voir les cas 
d'uti-li-sa-tions, nous al-lons construire
 []

[135 <./col_mar_abs.PNG>]
Overfull \hbox (1.55182pt too wide) in paragraph at lines 3609--3609
[]\T1/lmr/bx/n/12 Diagramme de classes de concep-tion re-la-tif aux cas d'uti-l
i-sa-tion "Consul-
 []

<cl_ccac.PNG, id=744, 595.47469pt x 331.99031pt>
File: cl_ccac.PNG Graphic file (type png)
<use cl_ccac.PNG>
Package pdftex.def Info: cl_ccac.PNG  used on input line 3615.
(pdftex.def)             Requested size: 398.33902pt x 284.5436pt.
[136 <./cl_ccac.PNG>]
<con_con_acc.PNG, id=748, 632.3625pt x 387.69844pt>
File: con_con_acc.PNG Graphic file (type png)
<use con_con_acc.PNG>
Package pdftex.def Info: con_con_acc.PNG  used on input line 3627.
(pdftex.def)             Requested size: 398.34224pt x 284.53194pt.
 [137 <./con_con_acc.PNG>]
<cer.PNG, id=752, 538.26094pt x 293.59688pt>
File: cer.PNG Graphic file (type png)
<use cer.PNG>
Package pdftex.def Info: cer.PNG  used on input line 3637.
(pdftex.def)             Requested size: 398.3397pt x 284.52878pt.
 [138 <./cer.PNG>]
<cma.PNG, id=756, 634.62094pt x 500.62032pt>
File: cma.PNG Graphic file (type png)
<use cma.PNG>
Package pdftex.def Info: cma.PNG  used on input line 3647.
(pdftex.def)             Requested size: 398.35109pt x 284.53918pt.
<sec_con_con_acc.PNG, id=757, 512.66531pt x 341.77687pt>
File: sec_con_con_acc.PNG Graphic file (type png)
<use sec_con_con_acc.PNG>
Package pdftex.def Info: sec_con_con_acc.PNG  used on input line 3659.
(pdftex.def)             Requested size: 512.18686pt x 341.4579pt.

Overfull \hbox (42.71637pt too wide) in paragraph at lines 3659--3660
 [] 
 []

[139 <./cma.PNG>] [140 <./sec_con_con_acc.PNG>]
<sec_ajo_rem.PNG, id=765, 603.75563pt x 711.4078pt>
File: sec_ajo_rem.PNG Graphic file (type png)
<use sec_ajo_rem.PNG>
Package pdftex.def Info: sec_ajo_rem.PNG  used on input line 3669.
(pdftex.def)             Requested size: 426.79013pt x 398.35309pt.
 [141 <./sec_ajo_rem.PNG>]
<sec_con_con_jus.PNG, id=769, 512.66531pt x 344.03531pt>
File: sec_con_con_jus.PNG Graphic file (type png)
<use sec_con_con_jus.PNG>
Package pdftex.def Info: sec_con_con_jus.PNG  used on input line 3680.
(pdftex.def)             Requested size: 426.795pt x 398.34105pt.

[142 <./sec_con_con_jus.PNG>]
<sec_dem_con.PNG, id=773, 512.66531pt x 344.03531pt>
File: sec_dem_con.PNG Graphic file (type png)
<use sec_dem_con.PNG>
Package pdftex.def Info: sec_dem_con.PNG  used on input line 3691.
(pdftex.def)             Requested size: 426.795pt x 398.34105pt.
 [143 <./sec_dem_con.PNG>]
<sec_mod_eta.PNG, id=777, 512.66531pt x 654.94687pt>
File: sec_mod_eta.PNG Graphic file (type png)
<use sec_mod_eta.PNG>
Package pdftex.def Info: sec_mod_eta.PNG  used on input line 3701.
(pdftex.def)             Requested size: 426.795pt x 398.33775pt.
 [144 <./sec_mod_eta.PNG>]
<sec_rem.PNG, id=781, 512.66531pt x 344.03531pt>
File: sec_rem.PNG Graphic file (type png)
<use sec_rem.PNG>
Package pdftex.def Info: sec_rem.PNG  used on input line 3711.
(pdftex.def)             Requested size: 426.795pt x 398.34105pt.
 [145 <./sec_rem.PNG>]
<sec_mod_rem.PNG, id=785, 556.32843pt x 720.44156pt>
File: sec_mod_rem.PNG Graphic file (type png)
<use sec_mod_rem.PNG>
Package pdftex.def Info: sec_mod_rem.PNG  used on input line 3721.
(pdftex.def)             Requested size: 426.79529pt x 398.33275pt.
 [146 <./sec_mod_rem.PNG>]
File: sec_mod_rem.PNG Graphic file (type png)
<use sec_mod_rem.PNG>
Package pdftex.def Info: sec_mod_rem.PNG  used on input line 3732.
(pdftex.def)             Requested size: 426.79529pt x 398.33275pt.
 [147]
<sec_mar_abs.PNG, id=793, 626.34pt x 718.18312pt>
File: sec_mar_abs.PNG Graphic file (type png)
<use sec_mar_abs.PNG>
Package pdftex.def Info: sec_mar_abs.PNG  used on input line 3742.
(pdftex.def)             Requested size: 426.80392pt x 398.3443pt.
<Android_Studio_icon.png, id=794, 803.0pt x 803.0pt>
File: Android_Studio_icon.png Graphic file (type png)
<use Android_Studio_icon.png>
Package pdftex.def Info: Android_Studio_icon.png  used on input line 3750.
(pdftex.def)             Requested size: 22.76228pt x 22.7534pt.
 [148 <./sec_mar_abs.PNG>]
<postman.png, id=798, 225.84375pt x 225.84375pt>
File: postman.png Graphic file (type png)
<use postman.png>
Package pdftex.def Info: postman.png  used on input line 3753.
(pdftex.def)             Requested size: 22.76228pt x 22.76144pt.
<Java_Logo.png, id=799, 321.2pt x 598.235pt>
File: Java_Logo.png Graphic file (type png)
<use Java_Logo.png>
Package pdftex.def Info: Java_Logo.png  used on input line 3758.
(pdftex.def)             Requested size: 11.38092pt x 21.19595pt.
<XML_icon.png, id=800, 1927.2pt x 749.80125pt>
File: XML_icon.png Graphic file (type png)
<use XML_icon.png>
Package pdftex.def Info: XML_icon.png  used on input line 3761.
(pdftex.def)             Requested size: 11.38092pt x 4.42767pt.
 [149 <./Android_Studio_icon.png> <./postman.png> <./Java_Logo.png> <./XML_icon
.png>]
<consulter_demande_conge_accepter2.PNG, id=808, 1202.24156pt x 646.66594pt>
File: consulter_demande_conge_accepter2.PNG Graphic file (type png)
<use consulter_demande_conge_accepter2.PNG>
Package pdftex.def Info: consulter_demande_conge_accepter2.PNG  used on input l
ine 3768.
(pdftex.def)             Requested size: 426.78957pt x 213.39055pt.
<Ajouter_remplacant.PNG, id=809, 581.17125pt x 648.92438pt>
File: Ajouter_remplacant.PNG Graphic file (type png)
<use Ajouter_remplacant.PNG>
Package pdftex.def Info: Ajouter_remplacant.PNG  used on input line 3776.
(pdftex.def)             Requested size: 426.79659pt x 213.39317pt.
 [150 <./consulter_demande_conge_accepter2.PNG> <./Ajouter_remplacant.PNG>]
<consulter_conge_dj.PNG, id=815, 1203.7472pt x 646.66594pt>
File: consulter_conge_dj.PNG Graphic file (type png)
<use consulter_conge_dj.PNG>
Package pdftex.def Info: consulter_conge_dj.PNG  used on input line 3785.
(pdftex.def)             Requested size: 512.16437pt x 213.39055pt.

Overfull \hbox (42.69388pt too wide) in paragraph at lines 3785--3786
 [] 
 []

<consulter_demande_conge2.PNG, id=816, 1203.7472pt x 645.16031pt>
File: consulter_demande_conge2.PNG Graphic file (type png)
<use consulter_demande_conge2.PNG>
Package pdftex.def Info: consulter_demande_conge2.PNG  used on input line 3793.

(pdftex.def)             Requested size: 512.16437pt x 213.39577pt.

Overfull \hbox (42.69388pt too wide) in paragraph at lines 3793--3794
 [] 
 []

[151 <./consulter_conge_dj.PNG> <./consulter_demande_conge2.PNG>]
<consulter_remplacant.PNG, id=822, 1203.7472pt x 648.17157pt>
File: consulter_remplacant.PNG Graphic file (type png)
<use consulter_remplacant.PNG>
Package pdftex.def Info: consulter_remplacant.PNG  used on input line 3802.
(pdftex.def)             Requested size: 512.16437pt x 213.39287pt.

Overfull \hbox (42.69388pt too wide) in paragraph at lines 3802--3803
 [] 
 []

<modifier_remplacant.PNG, id=823, 1072.005pt x 645.91313pt>
File: modifier_remplacant.PNG Graphic file (type png)
<use modifier_remplacant.PNG>
Package pdftex.def Info: modifier_remplacant.PNG  used on input line 3810.
(pdftex.def)             Requested size: 512.13567pt x 213.38853pt.

Overfull \hbox (42.66518pt too wide) in paragraph at lines 3810--3811
 [] 
 []

[152 <./consulter_remplacant.PNG> <./modifier_remplacant.PNG>]
<supprimer_rempacant.PNG, id=830, 1203.7472pt x 647.41875pt>
File: supprimer_rempacant.PNG Graphic file (type png)
<use supprimer_rempacant.PNG>
Package pdftex.def Info: supprimer_rempacant.PNG  used on input line 3819.
(pdftex.def)             Requested size: 512.16437pt x 213.392pt.

Overfull \hbox (42.69388pt too wide) in paragraph at lines 3819--3820
 [] 
 []

[153 <./supprimer_rempacant.PNG>]
Chapitre 5.
<login3.png, id=835, 1204.5pt x 647.41875pt>
File: login3.png Graphic file (type png)
<use login3.png>
Package pdftex.def Info: login3.png  used on input line 3840.
(pdftex.def)             Requested size: 284.52788pt x 113.80379pt.
<login6.png, id=836, 1204.5pt x 646.66594pt>
File: login6.png Graphic file (type png)
<use login6.png>
Package pdftex.def Info: login6.png  used on input line 3847.
(pdftex.def)             Requested size: 398.33168pt x 213.39055pt.
[154

 <./login3.png>]
<login8.png, id=841, 1203.7472pt x 646.66594pt>
File: login8.png Graphic file (type png)
<use login8.png>
Package pdftex.def Info: login8.png  used on input line 3855.
(pdftex.def)             Requested size: 398.33986pt x 213.39055pt.
 [155 <./login6.png> <./login8.png>]
<ajoute1.png, id=847, 1204.5pt x 646.66594pt>
File: ajoute1.png Graphic file (type png)
<use ajoute1.png>
Package pdftex.def Info: ajoute1.png  used on input line 3866.
(pdftex.def)             Requested size: 398.33168pt x 213.39055pt.
File: u.jpg Graphic file (type jpg)
<use u.jpg>
Package pdftex.def Info: u.jpg  used on input line 3873.
(pdftex.def)             Requested size: 373.00554pt x 279.75415pt.
File: u.jpg Graphic file (type jpg)
<use u.jpg>
Package pdftex.def Info: u.jpg  used on input line 3880.
(pdftex.def)             Requested size: 373.00554pt x 279.75415pt.


LaTeX Warning: `h' float specifier changed to `ht'.


LaTeX Warning: `h' float specifier changed to `ht'.

File: admin2.png Graphic file (type png)
<use admin2.png>
Package pdftex.def Info: admin2.png  used on input line 3889.
(pdftex.def)             Requested size: 369.88535pt x 170.71797pt.
File: admin2.png Graphic file (type png)
<use admin2.png>
Package pdftex.def Info: admin2.png  used on input line 3896.
(pdftex.def)             Requested size: 369.88535pt x 170.71797pt.

LaTeX Warning: `h' float specifier changed to `ht'.


LaTeX Warning: `h' float specifier changed to `ht'.

File: admin2.png Graphic file (type png)
<use admin2.png>
Package pdftex.def Info: admin2.png  used on input line 3905.
(pdftex.def)             Requested size: 369.88535pt x 170.71797pt.
[156 <./ajoute1.png>]

LaTeX Warning: `h' float specifier changed to `ht'.

File: admin2.png Graphic file (type png)
<use admin2.png>
Package pdftex.def Info: admin2.png  used on input line 3913.
(pdftex.def)             Requested size: 369.88535pt x 170.71797pt.

LaTeX Warning: `h' float specifier changed to `ht'.

File: admin2.png Graphic file (type png)
<use admin2.png>
Package pdftex.def Info: admin2.png  used on input line 3921.
(pdftex.def)             Requested size: 369.88535pt x 170.71797pt.

LaTeX Warning: `h' float specifier changed to `ht'.

File: admin2.png Graphic file (type png)
<use admin2.png>
Package pdftex.def Info: admin2.png  used on input line 3929.
(pdftex.def)             Requested size: 369.88535pt x 170.71797pt.

LaTeX Warning: `h' float specifier changed to `ht'.

File: admin2.png Graphic file (type png)
<use admin2.png>
Package pdftex.def Info: admin2.png  used on input line 3937.
(pdftex.def)             Requested size: 369.88535pt x 170.71797pt.
[157]

LaTeX Warning: `h' float specifier changed to `ht'.

File: admin2.png Graphic file (type png)
<use admin2.png>
Package pdftex.def Info: admin2.png  used on input line 3946.
(pdftex.def)             Requested size: 369.88535pt x 170.71797pt.

LaTeX Warning: `h' float specifier changed to `ht'.

File: admin2.png Graphic file (type png)
<use admin2.png>
Package pdftex.def Info: admin2.png  used on input line 3954.
(pdftex.def)             Requested size: 369.88535pt x 170.71797pt.

LaTeX Warning: `h' float specifier changed to `ht'.

(pfe.bbl [158] [159] [160] [161]
Underfull \hbox (badness 10000) in paragraph at lines 4--9
[]\T1/lmr/m/n/12 Wikipédia.  Isigk.  \T1/lmr/m/it/12 https ://fr.wikipedia.org/
wiki/Institut-sup/C3/A9rieur-
 []

) [162

] (pfe.aux)

LaTeX Font Warning: Some font shapes were not available, defaults substituted.


LaTeX Warning: There were multiply-defined labels.

 ) 
Here is how much of TeX's memory you used:
 7962 strings out of 492902
 118375 string characters out of 3124273
 213712 words of memory out of 3000000
 11474 multiletter control sequences out of 15000+200000
 62627 words of font info for 52 fonts, out of 3000000 for 9000
 1141 hyphenation exceptions out of 8191
 41i,13n,46p,870b,509s stack positions out of 5000i,500n,10000p,200000b,50000s
{C:/Users/slim/AppData/Local/Programs/MiKTeX 2.9/fonts/enc/dvips/lm/lm-ec.enc
}{C:/Users/slim/AppData/Local/Programs/MiKTeX 2.9/fonts/enc/dvips/base/8r.enc}<
C:/Users/slim/AppData/Local/Programs/MiKTeX 2.9/fonts/type1/public/lm/lmbx12.pf
b><C:/Users/slim/AppData/Local/Programs/MiKTeX 2.9/fonts/type1/public/lm/lmcsc1
0.pfb><C:/Users/slim/AppData/Local/Programs/MiKTeX 2.9/fonts/type1/public/lm/lm
r12.pfb><C:/Users/slim/AppData/Local/Programs/MiKTeX 2.9/fonts/type1/public/lm/
lmr17.pfb><C:/Users/slim/AppData/Local/Programs/MiKTeX 2.9/fonts/type1/public/l
m/lmri12.pfb><C:/Users/slim/AppData/Local/Programs/MiKTeX 2.9/fonts/type1/publi
c/lm/lmss17.pfb><C:/Users/slim/AppData/Local/Programs/MiKTeX 2.9/fonts/type1/pu
blic/lm/lmtk10.pfb><C:/Users/slim/AppData/Local/Programs/MiKTeX 2.9/fonts/type1
/urw/zapfchan/uzcmi8a.pfb><C:/Users/slim/AppData/Local/Programs/MiKTeX 2.9/font
s/type1/urw/zapfding/uzdr.pfb>
Output written on pfe.pdf (191 pages, 15239927 bytes).
PDF statistics:
 909 PDF objects out of 1000 (max. 8388607)
 0 named destinations out of 1000 (max. 500000)
 1021 words of extra memory for PDF output out of 10000 (max. 10000000)

